<?xml version="1.0" encoding="UTF-8"?>
<coverage generated="1690534653540" clover="3.2.0">
  <project timestamp="1690534653540" name="All files">
    <metrics statements="287" coveredstatements="274" conditionals="77" coveredconditionals="72" methods="51" coveredmethods="47" elements="415" coveredelements="393" complexity="0" loc="287" ncloc="287" packages="4" files="10" classes="10"/>
    <package name="src">
      <metrics statements="2" coveredstatements="2" conditionals="0" coveredconditionals="0" methods="0" coveredmethods="0"/>
      <file name="constants.js" path="C:\Users\elnab\DAWe\Travelport\minesweeper-vite\src\constants.js">
        <metrics statements="2" coveredstatements="2" conditionals="0" coveredconditionals="0" methods="0" coveredmethods="0"/>
        <line num="1" count="7513" type="stmt"/>
        <line num="9" count="14161" type="stmt"/>
      </file>
    </package>
    <package name="src.components">
      <metrics statements="190" coveredstatements="177" conditionals="56" coveredconditionals="51" methods="35" coveredmethods="31"/>
      <file name="Board.jsx" path="C:\Users\elnab\DAWe\Travelport\minesweeper-vite\src\components\Board.jsx">
        <metrics statements="7" coveredstatements="7" conditionals="4" coveredconditionals="4" methods="3" coveredmethods="3"/>
        <line num="1" count="1" type="stmt"/>
        <line num="2" count="1" type="stmt"/>
        <line num="3" count="1" type="stmt"/>
        <line num="4" count="1" type="stmt"/>
        <line num="8" count="300" type="stmt"/>
        <line num="12" count="1418" type="stmt"/>
        <line num="38" count="300" type="stmt"/>
      </file>
      <file name="Cell.jsx" path="C:\Users\elnab\DAWe\Travelport\minesweeper-vite\src\components\Cell.jsx">
        <metrics statements="42" coveredstatements="42" conditionals="22" coveredconditionals="22" methods="7" coveredmethods="7"/>
        <line num="1" count="1" type="stmt"/>
        <line num="3" count="1" type="stmt"/>
        <line num="4" count="1" type="stmt"/>
        <line num="8" count="9679" type="stmt"/>
        <line num="9" count="384" type="cond" truecount="2" falsecount="0"/>
        <line num="10" count="71" type="cond" truecount="2" falsecount="0"/>
        <line num="11" count="54" type="stmt"/>
        <line num="12" count="54" type="stmt"/>
        <line num="14" count="17" type="stmt"/>
        <line num="17" count="313" type="cond" truecount="2" falsecount="0"/>
        <line num="18" count="9" type="stmt"/>
        <line num="19" count="304" type="cond" truecount="2" falsecount="0"/>
        <line num="20" count="31" type="stmt"/>
        <line num="22" count="273" type="stmt"/>
        <line num="27" count="9679" type="stmt"/>
        <line num="28" count="48" type="cond" truecount="3" falsecount="0"/>
        <line num="29" count="23" type="stmt"/>
        <line num="30" count="23" type="cond" truecount="1" falsecount="0"/>
        <line num="31" count="13" type="stmt"/>
        <line num="34" count="48" type="cond" truecount="3" falsecount="0"/>
        <line num="35" count="1" type="stmt"/>
        <line num="36" count="1" type="stmt"/>
        <line num="40" count="9679" type="stmt"/>
        <line num="41" count="50" type="cond" truecount="1" falsecount="0"/>
        <line num="42" count="32" type="stmt"/>
        <line num="46" count="9679" type="stmt"/>
        <line num="47" count="9679" type="stmt"/>
        <line num="49" count="9679" type="stmt"/>
        <line num="50" count="4578" type="cond" truecount="4" falsecount="0"/>
        <line num="52" count="4096" type="stmt"/>
        <line num="53" count="4096" type="stmt"/>
        <line num="54" count="4096" type="stmt"/>
        <line num="56" count="384" type="stmt"/>
        <line num="57" count="384" type="stmt"/>
        <line num="59" count="48" type="stmt"/>
        <line num="60" count="48" type="stmt"/>
        <line num="62" count="50" type="stmt"/>
        <line num="63" count="50" type="stmt"/>
        <line num="67" count="9679" type="stmt"/>
        <line num="71" count="56" type="stmt"/>
        <line num="72" count="41" type="stmt"/>
        <line num="79" count="9446" type="stmt"/>
      </file>
      <file name="Game.jsx" path="C:\Users\elnab\DAWe\Travelport\minesweeper-vite\src\components\Game.jsx">
        <metrics statements="70" coveredstatements="68" conditionals="16" coveredconditionals="15" methods="10" coveredmethods="8"/>
        <line num="1" count="1" type="stmt"/>
        <line num="2" count="1" type="stmt"/>
        <line num="4" count="1" type="stmt"/>
        <line num="5" count="1" type="stmt"/>
        <line num="6" count="1" type="stmt"/>
        <line num="7" count="1" type="stmt"/>
        <line num="8" count="1" type="stmt"/>
        <line num="9" count="1" type="stmt"/>
        <line num="10" count="1" type="stmt"/>
        <line num="14" count="300" type="stmt"/>
        <line num="15" count="58" type="stmt"/>
        <line num="16" count="58" type="stmt"/>
        <line num="17" count="58" type="stmt"/>
        <line num="18" count="58" type="stmt"/>
        <line num="19" count="58" type="cond" truecount="1" falsecount="0"/>
        <line num="20" count="58" type="stmt"/>
        <line num="21" count="58" type="stmt"/>
        <line num="22" count="58" type="stmt"/>
        <line num="23" count="58" type="stmt"/>
        <line num="27" count="300" type="stmt"/>
        <line num="28" count="56" type="cond" truecount="1" falsecount="0"/>
        <line num="29" count="37" type="stmt"/>
        <line num="31" count="56" type="stmt"/>
        <line num="32" count="56" type="stmt"/>
        <line num="33" count="56" type="cond" truecount="2" falsecount="0"/>
        <line num="34" count="13" type="stmt"/>
        <line num="35" count="13" type="stmt"/>
        <line num="36" count="13" type="stmt"/>
        <line num="37" count="13" type="stmt"/>
        <line num="39" count="43" type="stmt"/>
        <line num="40" count="43" type="cond" truecount="1" falsecount="0"/>
        <line num="41" count="3" type="stmt"/>
        <line num="43" count="43" type="cond" truecount="1" falsecount="0"/>
        <line num="44" count="4" type="stmt"/>
        <line num="47" count="43" type="stmt"/>
        <line num="49" count="56" type="stmt"/>
        <line num="52" count="300" type="stmt"/>
        <line num="53" count="41" type="stmt"/>
        <line num="54" count="41" type="cond" truecount="1" falsecount="0"/>
        <line num="55" count="20" type="stmt"/>
        <line num="57" count="41" type="stmt"/>
        <line num="58" count="41" type="cond" truecount="2" falsecount="0"/>
        <line num="59" count="31" type="stmt"/>
        <line num="60" count="31" type="stmt"/>
        <line num="61" count="10" type="cond" truecount="2" falsecount="0"/>
        <line num="62" count="9" type="stmt"/>
        <line num="63" count="9" type="stmt"/>
        <line num="65" count="1" type="stmt"/>
        <line num="67" count="41" type="stmt"/>
        <line num="70" count="300" type="stmt"/>
        <line num="71" count="67" type="stmt"/>
        <line num="72" count="67" type="stmt"/>
        <line num="73" count="67" type="stmt"/>
        <line num="74" count="67" type="stmt"/>
        <line num="77" count="300" type="stmt"/>
        <line num="78" count="0" type="stmt"/>
        <line num="81" count="300" type="stmt"/>
        <line num="82" count="0" type="stmt"/>
        <line num="85" count="300" type="stmt"/>
        <line num="86" count="64" type="stmt"/>
        <line num="88" count="300" type="stmt"/>
        <line num="89" count="300" type="stmt"/>
        <line num="90" count="300" type="stmt"/>
        <line num="92" count="300" type="stmt"/>
        <line num="93" count="165" type="cond" truecount="1" falsecount="0"/>
        <line num="94" count="14" type="stmt"/>
        <line num="95" count="14" type="stmt"/>
        <line num="99" count="300" type="stmt"/>
        <line num="100" count="64" type="stmt"/>
        <line num="115" count="64" type="stmt"/>
      </file>
      <file name="MockData.jsx" path="C:\Users\elnab\DAWe\Travelport\minesweeper-vite\src\components\MockData.jsx">
        <metrics statements="9" coveredstatements="9" conditionals="0" coveredconditionals="0" methods="3" coveredmethods="3"/>
        <line num="1" count="1" type="stmt"/>
        <line num="2" count="1" type="stmt"/>
        <line num="5" count="1368" type="stmt"/>
        <line num="7" count="1368" type="stmt"/>
        <line num="8" count="1068" type="stmt"/>
        <line num="11" count="1368" type="stmt"/>
        <line num="12" count="58" type="stmt"/>
        <line num="16" count="1368" type="stmt"/>
        <line num="24" count="300" type="stmt"/>
      </file>
      <file name="PauseModal.jsx" path="C:\Users\elnab\DAWe\Travelport\minesweeper-vite\src\components\PauseModal.jsx">
        <metrics statements="4" coveredstatements="3" conditionals="0" coveredconditionals="0" methods="1" coveredmethods="0"/>
        <line num="1" count="1" type="stmt"/>
        <line num="2" count="1" type="stmt"/>
        <line num="6" count="0" type="stmt"/>
        <line num="19" count="1" type="stmt"/>
      </file>
      <file name="ResetButton.jsx" path="C:\Users\elnab\DAWe\Travelport\minesweeper-vite\src\components\ResetButton.jsx">
        <metrics statements="15" coveredstatements="15" conditionals="4" coveredconditionals="4" methods="2" coveredmethods="2"/>
        <line num="1" count="1" type="stmt"/>
        <line num="3" count="1" type="stmt"/>
        <line num="4" count="1" type="stmt"/>
        <line num="5" count="1" type="stmt"/>
        <line num="6" count="1" type="stmt"/>
        <line num="10" count="363" type="stmt"/>
        <line num="12" count="363" type="stmt"/>
        <line num="13" count="142" type="cond" truecount="4" falsecount="0"/>
        <line num="16" count="115" type="stmt"/>
        <line num="17" count="115" type="stmt"/>
        <line num="19" count="14" type="stmt"/>
        <line num="20" count="14" type="stmt"/>
        <line num="22" count="13" type="stmt"/>
        <line num="23" count="13" type="stmt"/>
        <line num="35" count="363" type="stmt"/>
      </file>
      <file name="Score.jsx" path="C:\Users\elnab\DAWe\Travelport\minesweeper-vite\src\components\Score.jsx">
        <metrics statements="43" coveredstatements="33" conditionals="10" coveredconditionals="6" methods="9" coveredmethods="8"/>
        <line num="1" count="1" type="stmt"/>
        <line num="3" count="1" type="stmt"/>
        <line num="4" count="1" type="stmt"/>
        <line num="5" count="1" type="stmt"/>
        <line num="6" count="1" type="stmt"/>
        <line num="7" count="1" type="stmt"/>
        <line num="11" count="363" type="stmt"/>
        <line num="12" count="0" type="cond" truecount="0" falsecount="2"/>
        <line num="13" count="0" type="stmt"/>
        <line num="14" count="0" type="stmt"/>
        <line num="15" count="0" type="stmt"/>
        <line num="16" count="0" type="cond" truecount="0" falsecount="1"/>
        <line num="17" count="0" type="stmt"/>
        <line num="18" count="0" type="stmt"/>
        <line num="19" count="0" type="stmt"/>
        <line num="23" count="363" type="stmt"/>
        <line num="24" count="51" type="stmt"/>
        <line num="25" count="51" type="stmt"/>
        <line num="26" count="277" type="stmt"/>
        <line num="28" count="51" type="stmt"/>
        <line num="31" count="363" type="stmt"/>
        <line num="32" count="27" type="stmt"/>
        <line num="33" count="27" type="stmt"/>
        <line num="36" count="363" type="stmt"/>
        <line num="37" count="64" type="stmt"/>
        <line num="38" count="64" type="stmt"/>
        <line num="41" count="363" type="stmt"/>
        <line num="42" count="363" type="stmt"/>
        <line num="43" count="363" type="stmt"/>
        <line num="45" count="363" type="stmt"/>
        <line num="46" count="142" type="cond" truecount="4" falsecount="0"/>
        <line num="48" count="64" type="stmt"/>
        <line num="49" count="64" type="stmt"/>
        <line num="51" count="51" type="stmt"/>
        <line num="52" count="51" type="stmt"/>
        <line num="55" count="27" type="stmt"/>
        <line num="56" count="27" type="stmt"/>
        <line num="60" count="363" type="stmt"/>
        <line num="61" count="64" type="cond" truecount="0" falsecount="1"/>
        <line num="62" count="0" type="stmt"/>
        <line num="63" count="0" type="stmt"/>
        <line num="67" count="363" type="stmt"/>
        <line num="83" count="300" type="stmt"/>
      </file>
    </package>
    <package name="src.logic">
      <metrics statements="68" coveredstatements="68" conditionals="17" coveredconditionals="17" methods="8" coveredmethods="8"/>
      <file name="boardLogic.js" path="C:\Users\elnab\DAWe\Travelport\minesweeper-vite\src\logic\boardLogic.js">
        <metrics statements="68" coveredstatements="68" conditionals="17" coveredconditionals="17" methods="8" coveredmethods="8"/>
        <line num="1" count="1" type="stmt"/>
        <line num="2" count="7279" type="stmt"/>
        <line num="3" count="7279" type="stmt"/>
        <line num="4" count="7279" type="stmt"/>
        <line num="5" count="7279" type="stmt"/>
        <line num="6" count="7279" type="stmt"/>
        <line num="8" count="7279" type="stmt"/>
        <line num="9" count="19917" type="stmt"/>
        <line num="10" count="54535" type="cond" truecount="1" falsecount="0"/>
        <line num="11" count="7732" type="stmt"/>
        <line num="15" count="7279" type="stmt"/>
        <line num="18" count="58" type="stmt"/>
        <line num="19" count="189" type="stmt"/>
        <line num="20" count="1177" type="stmt"/>
        <line num="21" count="8751" type="cond" truecount="1" falsecount="0"/>
        <line num="22" count="7279" type="stmt"/>
        <line num="23" count="7279" type="stmt"/>
        <line num="29" count="1" type="stmt"/>
        <line num="30" count="131" type="stmt"/>
        <line num="32" count="131" type="stmt"/>
        <line num="33" count="1405" type="stmt"/>
        <line num="34" count="1405" type="stmt"/>
        <line num="35" count="1405" type="stmt"/>
        <line num="36" count="1405" type="cond" truecount="1" falsecount="0"/>
        <line num="37" count="1310" type="stmt"/>
        <line num="40" count="131" type="stmt"/>
        <line num="43" count="131" type="stmt"/>
        <line num="44" count="131" type="stmt"/>
        <line num="45" count="131" type="stmt"/>
        <line num="46" count="131" type="stmt"/>
        <line num="47" count="1048" type="stmt"/>
        <line num="48" count="1048" type="stmt"/>
        <line num="49" count="8384" type="stmt"/>
        <line num="50" count="8384" type="stmt"/>
        <line num="56" count="8384" type="cond" truecount="1" falsecount="0"/>
        <line num="57" count="1310" type="stmt"/>
        <line num="58" count="1310" type="stmt"/>
        <line num="60" count="8384" type="stmt"/>
        <line num="62" count="1048" type="stmt"/>
        <line num="64" count="131" type="stmt"/>
        <line num="65" count="131" type="stmt"/>
        <line num="68" count="97" type="stmt"/>
        <line num="69" count="97" type="stmt"/>
        <line num="72" count="13" type="stmt"/>
        <line num="73" count="13" type="stmt"/>
        <line num="74" count="22" type="stmt"/>
        <line num="75" count="48" type="cond" truecount="3" falsecount="0"/>
        <line num="76" count="21" type="stmt"/>
        <line num="82" count="13" type="stmt"/>
        <line num="83" count="13" type="stmt"/>
        <line num="84" count="22" type="stmt"/>
        <line num="85" count="48" type="cond" truecount="3" falsecount="0"/>
        <line num="87" count="1" type="stmt"/>
        <line num="93" count="4" type="stmt"/>
        <line num="94" count="17" type="stmt"/>
        <line num="95" count="17" type="stmt"/>
        <line num="96" count="17" type="stmt"/>
        <line num="97" count="17" type="stmt"/>
        <line num="98" count="17" type="stmt"/>
        <line num="100" count="17" type="stmt"/>
        <line num="101" count="40" type="stmt"/>
        <line num="102" count="86" type="cond" truecount="3" falsecount="0"/>
        <line num="103" count="69" type="cond" truecount="3" falsecount="0"/>
        <line num="104" count="28" type="stmt"/>
        <line num="105" count="28" type="stmt"/>
        <line num="106" count="28" type="cond" truecount="1" falsecount="0"/>
        <line num="107" count="13" type="stmt"/>
        <line num="113" count="17" type="stmt"/>
      </file>
    </package>
    <package name="src.logic.testsUtils">
      <metrics statements="27" coveredstatements="27" conditionals="4" coveredconditionals="4" methods="8" coveredmethods="8"/>
      <file name="mockData.js" path="C:\Users\elnab\DAWe\Travelport\minesweeper-vite\src\logic\testsUtils\mockData.js">
        <metrics statements="27" coveredstatements="27" conditionals="4" coveredconditionals="4" methods="8" coveredmethods="8"/>
        <line num="1" count="1" type="stmt"/>
        <line num="3" count="58" type="stmt"/>
        <line num="4" count="58" type="stmt"/>
        <line num="5" count="58" type="cond" truecount="2" falsecount="0"/>
        <line num="6" count="38" type="stmt"/>
        <line num="7" count="38" type="stmt"/>
        <line num="8" count="325" type="stmt"/>
        <line num="9" count="187" type="stmt"/>
        <line num="13" count="20" type="stmt"/>
        <line num="14" count="20" type="stmt"/>
        <line num="15" count="60" type="stmt"/>
        <line num="19" count="58" type="stmt"/>
        <line num="20" count="129" type="stmt"/>
        <line num="21" count="367" type="stmt"/>
        <line num="27" count="367" type="cond" truecount="1" falsecount="0"/>
        <line num="28" count="162" type="stmt"/>
        <line num="29" count="162" type="stmt"/>
        <line num="31" count="367" type="stmt"/>
        <line num="35" count="58" type="stmt"/>
        <line num="37" count="58" type="stmt"/>
        <line num="40" count="58" type="stmt"/>
        <line num="41" count="58" type="stmt"/>
        <line num="42" count="58" type="stmt"/>
        <line num="43" count="129" type="stmt"/>
        <line num="44" count="367" type="cond" truecount="1" falsecount="0"/>
        <line num="45" count="162" type="stmt"/>
        <line num="49" count="58" type="stmt"/>
      </file>
    </package>
  </project>
</coverage>
