{"C:\\Users\\elnab\\DAWe\\Travelport\\minesweeper-vite\\src\\components\\Board.jsx": {"path":"C:\\Users\\elnab\\DAWe\\Travelport\\minesweeper-vite\\src\\components\\Board.jsx","statementMap":{"0":{"start":{"line":37,"column":0},"end":{"line":37,"column":15}},"1":{"start":{"line":1,"column":18},"end":{"line":1,"column":null}},"2":{"start":{"line":2,"column":7},"end":{"line":2,"column":null}},"3":{"start":{"line":3,"column":17},"end":{"line":3,"column":null}},"4":{"start":{"line":7,"column":4},"end":{"line":31,"column":null}},"5":{"start":{"line":11,"column":20},"end":{"line":28,"column":null}},"6":{"start":{"line":37,"column":15},"end":{"line":37,"column":null}}},"fnMap":{"0":{"name":"Board","decl":{"start":{"line":5,"column":9},"end":{"line":5,"column":15}},"loc":{"start":{"line":5,"column":73},"end":{"line":35,"column":null}}},"1":{"name":"(anonymous_3)","decl":{"start":{"line":10,"column":26},"end":{"line":10,"column":27}},"loc":{"start":{"line":10,"column":32},"end":{"line":31,"column":null}}},"2":{"name":"(anonymous_4)","decl":{"start":{"line":13,"column":37},"end":{"line":13,"column":38}},"loc":{"start":{"line":13,"column":44},"end":{"line":28,"column":null}}}},"branchMap":{"0":{"loc":{"start":{"line":8,"column":46},"end":{"line":8,"column":null}},"type":"cond-expr","locations":[{"start":{"line":8,"column":108},"end":{"line":8,"column":118}},{"start":{"line":8,"column":118},"end":{"line":8,"column":null}}]},"1":{"loc":{"start":{"line":8,"column":46},"end":{"line":8,"column":108}},"type":"binary-expr","locations":[{"start":{"line":8,"column":46},"end":{"line":8,"column":75}},{"start":{"line":8,"column":75},"end":{"line":8,"column":108}}]}},"s":{"0":280,"1":1,"2":1,"3":1,"4":280,"5":1293,"6":1},"f":{"0":280,"1":1293,"2":8476},"b":{"0":[255,25],"1":[280,197]}}
,"C:\\Users\\elnab\\DAWe\\Travelport\\minesweeper-vite\\src\\components\\Cell.jsx": {"path":"C:\\Users\\elnab\\DAWe\\Travelport\\minesweeper-vite\\src\\components\\Cell.jsx","statementMap":{"0":{"start":{"line":79,"column":0},"end":{"line":79,"column":15}},"1":{"start":{"line":1,"column":18},"end":{"line":1,"column":null}},"2":{"start":{"line":3,"column":7},"end":{"line":3,"column":null}},"3":{"start":{"line":8,"column":37},"end":{"line":25,"column":null}},"4":{"start":{"line":9,"column":8},"end":{"line":24,"column":null}},"5":{"start":{"line":10,"column":12},"end":{"line":15,"column":null}},"6":{"start":{"line":11,"column":16},"end":{"line":11,"column":null}},"7":{"start":{"line":12,"column":16},"end":{"line":12,"column":null}},"8":{"start":{"line":14,"column":16},"end":{"line":14,"column":null}},"9":{"start":{"line":17,"column":12},"end":{"line":23,"column":null}},"10":{"start":{"line":18,"column":16},"end":{"line":18,"column":null}},"11":{"start":{"line":19,"column":19},"end":{"line":23,"column":null}},"12":{"start":{"line":20,"column":16},"end":{"line":20,"column":null}},"13":{"start":{"line":22,"column":16},"end":{"line":22,"column":null}},"14":{"start":{"line":27,"column":34},"end":{"line":38,"column":null}},"15":{"start":{"line":28,"column":8},"end":{"line":33,"column":null}},"16":{"start":{"line":29,"column":12},"end":{"line":29,"column":null}},"17":{"start":{"line":30,"column":12},"end":{"line":32,"column":null}},"18":{"start":{"line":31,"column":16},"end":{"line":31,"column":null}},"19":{"start":{"line":34,"column":8},"end":{"line":37,"column":null}},"20":{"start":{"line":35,"column":12},"end":{"line":35,"column":null}},"21":{"start":{"line":36,"column":12},"end":{"line":36,"column":null}},"22":{"start":{"line":40,"column":33},"end":{"line":44,"column":null}},"23":{"start":{"line":41,"column":8},"end":{"line":43,"column":null}},"24":{"start":{"line":42,"column":12},"end":{"line":42,"column":null}},"25":{"start":{"line":46,"column":34},"end":{"line":46,"column":null}},"26":{"start":{"line":47,"column":48},"end":{"line":47,"column":null}},"27":{"start":{"line":49,"column":4},"end":{"line":65,"column":null}},"28":{"start":{"line":50,"column":8},"end":{"line":64,"column":null}},"29":{"start":{"line":52,"column":16},"end":{"line":52,"column":null}},"30":{"start":{"line":53,"column":16},"end":{"line":53,"column":null}},"31":{"start":{"line":54,"column":16},"end":{"line":54,"column":null}},"32":{"start":{"line":56,"column":16},"end":{"line":56,"column":null}},"33":{"start":{"line":57,"column":16},"end":{"line":57,"column":null}},"34":{"start":{"line":59,"column":16},"end":{"line":59,"column":null}},"35":{"start":{"line":60,"column":16},"end":{"line":60,"column":null}},"36":{"start":{"line":62,"column":16},"end":{"line":62,"column":null}},"37":{"start":{"line":63,"column":16},"end":{"line":63,"column":null}},"38":{"start":{"line":67,"column":4},"end":{"line":74,"column":null}},"39":{"start":{"line":71,"column":29},"end":{"line":71,"column":68}},"40":{"start":{"line":72,"column":40},"end":{"line":72,"column":87}},"41":{"start":{"line":79,"column":15},"end":{"line":79,"column":null}}},"fnMap":{"0":{"name":"Cell","decl":{"start":{"line":6,"column":9},"end":{"line":6,"column":14}},"loc":{"start":{"line":6,"column":130},"end":{"line":77,"column":null}}},"1":{"name":"(anonymous_5)","decl":{"start":{"line":8,"column":37},"end":{"line":8,"column":null}},"loc":{"start":{"line":8,"column":37},"end":{"line":25,"column":null}}},"2":{"name":"(anonymous_6)","decl":{"start":{"line":27,"column":34},"end":{"line":27,"column":null}},"loc":{"start":{"line":27,"column":34},"end":{"line":38,"column":null}}},"3":{"name":"(anonymous_7)","decl":{"start":{"line":40,"column":33},"end":{"line":40,"column":null}},"loc":{"start":{"line":40,"column":33},"end":{"line":44,"column":null}}},"4":{"name":"(anonymous_8)","decl":{"start":{"line":49,"column":14},"end":{"line":49,"column":null}},"loc":{"start":{"line":49,"column":14},"end":{"line":65,"column":7}}},"5":{"name":"(anonymous_9)","decl":{"start":{"line":71,"column":21},"end":{"line":71,"column":29}},"loc":{"start":{"line":71,"column":21},"end":{"line":71,"column":null}}},"6":{"name":"(anonymous_10)","decl":{"start":{"line":72,"column":27},"end":{"line":72,"column":28}},"loc":{"start":{"line":72,"column":28},"end":{"line":72,"column":null}}}},"branchMap":{"0":{"loc":{"start":{"line":9,"column":8},"end":{"line":24,"column":null}},"type":"if","locations":[{"start":{"line":9,"column":8},"end":{"line":24,"column":null}},{"start":{"line":16,"column":15},"end":{"line":24,"column":null}}]},"1":{"loc":{"start":{"line":10,"column":12},"end":{"line":15,"column":null}},"type":"if","locations":[{"start":{"line":10,"column":12},"end":{"line":15,"column":null}},{"start":{"line":13,"column":19},"end":{"line":15,"column":null}}]},"2":{"loc":{"start":{"line":17,"column":12},"end":{"line":23,"column":null}},"type":"if","locations":[{"start":{"line":17,"column":12},"end":{"line":23,"column":null}},{"start":{"line":19,"column":19},"end":{"line":23,"column":null}}]},"3":{"loc":{"start":{"line":19,"column":19},"end":{"line":23,"column":null}},"type":"if","locations":[{"start":{"line":19,"column":19},"end":{"line":23,"column":null}},{"start":{"line":21,"column":19},"end":{"line":23,"column":null}}]},"4":{"loc":{"start":{"line":28,"column":8},"end":{"line":33,"column":null}},"type":"if","locations":[{"start":{"line":28,"column":8},"end":{"line":33,"column":null}}]},"5":{"loc":{"start":{"line":28,"column":12},"end":{"line":28,"column":44}},"type":"binary-expr","locations":[{"start":{"line":28,"column":12},"end":{"line":28,"column":22}},{"start":{"line":28,"column":22},"end":{"line":28,"column":44}}]},"6":{"loc":{"start":{"line":30,"column":12},"end":{"line":32,"column":null}},"type":"if","locations":[{"start":{"line":30,"column":12},"end":{"line":32,"column":null}}]},"7":{"loc":{"start":{"line":34,"column":8},"end":{"line":37,"column":null}},"type":"if","locations":[{"start":{"line":34,"column":8},"end":{"line":37,"column":null}}]},"8":{"loc":{"start":{"line":34,"column":12},"end":{"line":34,"column":45}},"type":"binary-expr","locations":[{"start":{"line":34,"column":12},"end":{"line":34,"column":23}},{"start":{"line":34,"column":23},"end":{"line":34,"column":45}}]},"9":{"loc":{"start":{"line":41,"column":8},"end":{"line":43,"column":null}},"type":"if","locations":[{"start":{"line":41,"column":8},"end":{"line":43,"column":null}}]},"10":{"loc":{"start":{"line":50,"column":8},"end":{"line":64,"column":null}},"type":"switch","locations":[{"start":{"line":51,"column":12},"end":{"line":54,"column":null}},{"start":{"line":55,"column":12},"end":{"line":57,"column":null}},{"start":{"line":58,"column":12},"end":{"line":60,"column":null}},{"start":{"line":61,"column":12},"end":{"line":63,"column":null}}]},"11":{"loc":{"start":{"line":69,"column":23},"end":{"line":69,"column":null}},"type":"cond-expr","locations":[{"start":{"line":69,"column":37},"end":{"line":69,"column":54}},{"start":{"line":69,"column":54},"end":{"line":69,"column":null}}]}},"s":{"0":8476,"1":1,"2":1,"3":8707,"4":382,"5":70,"6":53,"7":53,"8":17,"9":312,"10":9,"11":303,"12":31,"13":272,"14":8707,"15":46,"16":22,"17":22,"18":12,"19":46,"20":1,"21":1,"22":8707,"23":48,"24":31,"25":8707,"26":8707,"27":8707,"28":4188,"29":3712,"30":3712,"31":3712,"32":382,"33":382,"34":46,"35":46,"36":48,"37":48,"38":8707,"39":54,"40":41,"41":1},"f":{"0":8707,"1":382,"2":46,"3":48,"4":4188,"5":54,"6":41},"b":{"0":[70,312],"1":[53,17],"2":[9,303],"3":[31,272],"4":[22],"5":[46,23],"6":[12],"7":[1],"8":[46,23],"9":[31],"10":[3712,382,46,48],"11":[8509,198]}}
,"C:\\Users\\elnab\\DAWe\\Travelport\\minesweeper-vite\\src\\components\\Game.jsx": {"path":"C:\\Users\\elnab\\DAWe\\Travelport\\minesweeper-vite\\src\\components\\Game.jsx","statementMap":{"0":{"start":{"line":116,"column":0},"end":{"line":116,"column":15}},"1":{"start":{"line":1,"column":18},"end":{"line":1,"column":null}},"2":{"start":{"line":2,"column":7},"end":{"line":2,"column":null}},"3":{"start":{"line":4,"column":18},"end":{"line":4,"column":null}},"4":{"start":{"line":5,"column":18},"end":{"line":5,"column":null}},"5":{"start":{"line":6,"column":23},"end":{"line":6,"column":null}},"6":{"start":{"line":7,"column":21},"end":{"line":7,"column":null}},"7":{"start":{"line":8,"column":100},"end":{"line":8,"column":null}},"8":{"start":{"line":9,"column":54},"end":{"line":9,"column":null}},"9":{"start":{"line":13,"column":33},"end":{"line":26,"column":null}},"10":{"start":{"line":14,"column":25},"end":{"line":14,"column":null}},"11":{"start":{"line":15,"column":35},"end":{"line":15,"column":null}},"12":{"start":{"line":16,"column":26},"end":{"line":16,"column":41}},"13":{"start":{"line":17,"column":29},"end":{"line":17,"column":47}},"14":{"start":{"line":18,"column":8},"end":{"line":25,"column":null}},"15":{"start":{"line":19,"column":12},"end":{"line":19,"column":null}},"16":{"start":{"line":20,"column":12},"end":{"line":20,"column":null}},"17":{"start":{"line":21,"column":12},"end":{"line":21,"column":null}},"18":{"start":{"line":22,"column":12},"end":{"line":22,"column":null}},"19":{"start":{"line":28,"column":29},"end":{"line":51,"column":null}},"20":{"start":{"line":29,"column":8},"end":{"line":31,"column":null}},"21":{"start":{"line":30,"column":12},"end":{"line":30,"column":null}},"22":{"start":{"line":32,"column":25},"end":{"line":32,"column":null}},"23":{"start":{"line":33,"column":8},"end":{"line":33,"column":null}},"24":{"start":{"line":34,"column":8},"end":{"line":49,"column":null}},"25":{"start":{"line":35,"column":12},"end":{"line":35,"column":null}},"26":{"start":{"line":36,"column":12},"end":{"line":36,"column":null}},"27":{"start":{"line":37,"column":12},"end":{"line":37,"column":null}},"28":{"start":{"line":38,"column":12},"end":{"line":38,"column":null}},"29":{"start":{"line":40,"column":41},"end":{"line":40,"column":null}},"30":{"start":{"line":41,"column":12},"end":{"line":43,"column":null}},"31":{"start":{"line":42,"column":16},"end":{"line":42,"column":null}},"32":{"start":{"line":44,"column":12},"end":{"line":47,"column":null}},"33":{"start":{"line":45,"column":16},"end":{"line":45,"column":null}},"34":{"start":{"line":48,"column":12},"end":{"line":48,"column":null}},"35":{"start":{"line":50,"column":8},"end":{"line":50,"column":null}},"36":{"start":{"line":53,"column":30},"end":{"line":69,"column":null}},"37":{"start":{"line":54,"column":8},"end":{"line":54,"column":null}},"38":{"start":{"line":55,"column":8},"end":{"line":57,"column":null}},"39":{"start":{"line":56,"column":12},"end":{"line":56,"column":null}},"40":{"start":{"line":58,"column":25},"end":{"line":58,"column":null}},"41":{"start":{"line":59,"column":8},"end":{"line":67,"column":null}},"42":{"start":{"line":60,"column":12},"end":{"line":60,"column":null}},"43":{"start":{"line":61,"column":12},"end":{"line":61,"column":null}},"44":{"start":{"line":62,"column":15},"end":{"line":67,"column":null}},"45":{"start":{"line":63,"column":12},"end":{"line":63,"column":null}},"46":{"start":{"line":64,"column":12},"end":{"line":64,"column":null}},"47":{"start":{"line":66,"column":12},"end":{"line":66,"column":null}},"48":{"start":{"line":68,"column":8},"end":{"line":68,"column":null}},"49":{"start":{"line":71,"column":22},"end":{"line":76,"column":null}},"50":{"start":{"line":72,"column":8},"end":{"line":72,"column":null}},"51":{"start":{"line":73,"column":8},"end":{"line":73,"column":null}},"52":{"start":{"line":74,"column":8},"end":{"line":74,"column":null}},"53":{"start":{"line":75,"column":8},"end":{"line":75,"column":null}},"54":{"start":{"line":78,"column":22},"end":{"line":80,"column":null}},"55":{"start":{"line":79,"column":8},"end":{"line":79,"column":null}},"56":{"start":{"line":82,"column":25},"end":{"line":84,"column":null}},"57":{"start":{"line":83,"column":8},"end":{"line":83,"column":null}},"58":{"start":{"line":86,"column":30},"end":{"line":88,"column":null}},"59":{"start":{"line":87,"column":8},"end":{"line":87,"column":null}},"60":{"start":{"line":89,"column":48},"end":{"line":89,"column":null}},"61":{"start":{"line":90,"column":40},"end":{"line":90,"column":null}},"62":{"start":{"line":91,"column":58},"end":{"line":91,"column":null}},"63":{"start":{"line":93,"column":4},"end":{"line":98,"column":null}},"64":{"start":{"line":94,"column":8},"end":{"line":97,"column":null}},"65":{"start":{"line":95,"column":12},"end":{"line":95,"column":null}},"66":{"start":{"line":96,"column":12},"end":{"line":96,"column":null}},"67":{"start":{"line":100,"column":4},"end":{"line":102,"column":null}},"68":{"start":{"line":101,"column":8},"end":{"line":101,"column":null}},"69":{"start":{"line":116,"column":15},"end":{"line":116,"column":null}}},"fnMap":{"0":{"name":"Game","decl":{"start":{"line":11,"column":9},"end":{"line":11,"column":14}},"loc":{"start":{"line":11,"column":50},"end":{"line":114,"column":null}}},"1":{"name":"(anonymous_6)","decl":{"start":{"line":13,"column":33},"end":{"line":13,"column":34}},"loc":{"start":{"line":13,"column":34},"end":{"line":26,"column":null}}},"2":{"name":"(anonymous_7)","decl":{"start":{"line":28,"column":29},"end":{"line":28,"column":30}},"loc":{"start":{"line":28,"column":41},"end":{"line":51,"column":null}}},"3":{"name":"(anonymous_8)","decl":{"start":{"line":53,"column":30},"end":{"line":53,"column":31}},"loc":{"start":{"line":53,"column":49},"end":{"line":69,"column":null}}},"4":{"name":"(anonymous_9)","decl":{"start":{"line":71,"column":22},"end":{"line":71,"column":null}},"loc":{"start":{"line":71,"column":22},"end":{"line":76,"column":null}}},"5":{"name":"(anonymous_10)","decl":{"start":{"line":78,"column":22},"end":{"line":78,"column":null}},"loc":{"start":{"line":78,"column":22},"end":{"line":80,"column":null}}},"6":{"name":"(anonymous_11)","decl":{"start":{"line":82,"column":25},"end":{"line":82,"column":null}},"loc":{"start":{"line":82,"column":25},"end":{"line":84,"column":null}}},"7":{"name":"(anonymous_12)","decl":{"start":{"line":86,"column":39},"end":{"line":86,"column":null}},"loc":{"start":{"line":86,"column":39},"end":{"line":88,"column":null}}},"8":{"name":"(anonymous_13)","decl":{"start":{"line":93,"column":14},"end":{"line":93,"column":null}},"loc":{"start":{"line":93,"column":14},"end":{"line":98,"column":7}}},"9":{"name":"(anonymous_14)","decl":{"start":{"line":100,"column":14},"end":{"line":100,"column":null}},"loc":{"start":{"line":100,"column":14},"end":{"line":102,"column":7}}}},"branchMap":{"0":{"loc":{"start":{"line":18,"column":8},"end":{"line":25,"column":null}},"type":"if","locations":[{"start":{"line":18,"column":8},"end":{"line":25,"column":null}},{"start":{"line":23,"column":15},"end":{"line":25,"column":null}}]},"1":{"loc":{"start":{"line":29,"column":8},"end":{"line":31,"column":null}},"type":"if","locations":[{"start":{"line":29,"column":8},"end":{"line":31,"column":null}}]},"2":{"loc":{"start":{"line":34,"column":8},"end":{"line":49,"column":null}},"type":"if","locations":[{"start":{"line":34,"column":8},"end":{"line":49,"column":null}},{"start":{"line":39,"column":15},"end":{"line":49,"column":null}}]},"3":{"loc":{"start":{"line":41,"column":12},"end":{"line":43,"column":null}},"type":"if","locations":[{"start":{"line":41,"column":12},"end":{"line":43,"column":null}}]},"4":{"loc":{"start":{"line":44,"column":12},"end":{"line":47,"column":null}},"type":"if","locations":[{"start":{"line":44,"column":12},"end":{"line":47,"column":null}}]},"5":{"loc":{"start":{"line":55,"column":8},"end":{"line":57,"column":null}},"type":"if","locations":[{"start":{"line":55,"column":8},"end":{"line":57,"column":null}}]},"6":{"loc":{"start":{"line":59,"column":8},"end":{"line":67,"column":null}},"type":"if","locations":[{"start":{"line":59,"column":8},"end":{"line":67,"column":null}},{"start":{"line":62,"column":15},"end":{"line":67,"column":null}}]},"7":{"loc":{"start":{"line":62,"column":15},"end":{"line":67,"column":null}},"type":"if","locations":[{"start":{"line":62,"column":15},"end":{"line":67,"column":null}},{"start":{"line":65,"column":15},"end":{"line":67,"column":null}}]},"8":{"loc":{"start":{"line":94,"column":8},"end":{"line":97,"column":null}},"type":"if","locations":[{"start":{"line":94,"column":8},"end":{"line":97,"column":null}}]},"9":{"loc":{"start":{"line":106,"column":13},"end":{"line":107,"column":13}},"type":"binary-expr","locations":[{"start":{"line":106,"column":13},"end":{"line":106,"column":21}},{"start":{"line":106,"column":21},"end":{"line":107,"column":13}}]},"10":{"loc":{"start":{"line":109,"column":17},"end":{"line":109,"column":null}},"type":"binary-expr","locations":[{"start":{"line":109,"column":17},"end":{"line":109,"column":45}},{"start":{"line":109,"column":45},"end":{"line":109,"column":null}}]}},"s":{"0":58,"1":1,"2":1,"3":1,"4":1,"5":1,"6":1,"7":1,"8":1,"9":280,"10":56,"11":56,"12":56,"13":56,"14":56,"15":56,"16":56,"17":56,"18":56,"19":280,"20":54,"21":35,"22":54,"23":54,"24":54,"25":12,"26":12,"27":12,"28":12,"29":42,"30":42,"31":3,"32":42,"33":4,"34":42,"35":54,"36":280,"37":41,"38":41,"39":20,"40":41,"41":41,"42":31,"43":31,"44":10,"45":9,"46":9,"47":1,"48":41,"49":280,"50":58,"51":58,"52":58,"53":58,"54":280,"55":0,"56":280,"57":0,"58":280,"59":58,"60":280,"61":280,"62":280,"63":280,"64":156,"65":13,"66":13,"67":280,"68":58,"69":1},"f":{"0":280,"1":56,"2":54,"3":41,"4":58,"5":0,"6":0,"7":58,"8":156,"9":58},"b":{"0":[56,0],"1":[35],"2":[12,42],"3":[3],"4":[4],"5":[20],"6":[31,10],"7":[9,1],"8":[13],"9":[280,280],"10":[280,0]}}
,"C:\\Users\\elnab\\DAWe\\Travelport\\minesweeper-vite\\src\\components\\MockData.jsx": {"path":"C:\\Users\\elnab\\DAWe\\Travelport\\minesweeper-vite\\src\\components\\MockData.jsx","statementMap":{"0":{"start":{"line":23,"column":0},"end":{"line":23,"column":15}},"1":{"start":{"line":1,"column":32},"end":{"line":1,"column":null}},"2":{"start":{"line":4,"column":38},"end":{"line":4,"column":null}},"3":{"start":{"line":6,"column":25},"end":{"line":8,"column":null}},"4":{"start":{"line":7,"column":6},"end":{"line":7,"column":null}},"5":{"start":{"line":10,"column":24},"end":{"line":12,"column":null}},"6":{"start":{"line":11,"column":6},"end":{"line":11,"column":null}},"7":{"start":{"line":15,"column":4},"end":{"line":18,"column":null}},"8":{"start":{"line":23,"column":15},"end":{"line":23,"column":null}}},"fnMap":{"0":{"name":"MockData","decl":{"start":{"line":3,"column":9},"end":{"line":3,"column":18}},"loc":{"start":{"line":3,"column":33},"end":{"line":21,"column":null}}},"1":{"name":"(anonymous_5)","decl":{"start":{"line":6,"column":25},"end":{"line":6,"column":26}},"loc":{"start":{"line":6,"column":26},"end":{"line":8,"column":null}}},"2":{"name":"(anonymous_6)","decl":{"start":{"line":10,"column":24},"end":{"line":10,"column":null}},"loc":{"start":{"line":10,"column":24},"end":{"line":12,"column":null}}}},"branchMap":{},"s":{"0":280,"1":1,"2":1330,"3":1330,"4":1050,"5":1330,"6":56,"7":1330,"8":1},"f":{"0":1330,"1":1050,"2":56},"b":{}}
,"C:\\Users\\elnab\\DAWe\\Travelport\\minesweeper-vite\\src\\components\\PauseModal.jsx": {"path":"C:\\Users\\elnab\\DAWe\\Travelport\\minesweeper-vite\\src\\components\\PauseModal.jsx","statementMap":{"0":{"start":{"line":14,"column":0},"end":{"line":14,"column":15}},"1":{"start":{"line":1,"column":18},"end":{"line":1,"column":null}},"2":{"start":{"line":2,"column":7},"end":{"line":2,"column":null}},"3":{"start":{"line":5,"column":4},"end":{"line":8,"column":null}},"4":{"start":{"line":14,"column":15},"end":{"line":14,"column":null}}},"fnMap":{"0":{"name":"PauseModal","decl":{"start":{"line":4,"column":9},"end":{"line":4,"column":20}},"loc":{"start":{"line":4,"column":23},"end":{"line":12,"column":null}}}},"branchMap":{},"s":{"0":0,"1":1,"2":1,"3":0,"4":1},"f":{"0":0},"b":{}}
,"C:\\Users\\elnab\\DAWe\\Travelport\\minesweeper-vite\\src\\components\\ResetButton.jsx": {"path":"C:\\Users\\elnab\\DAWe\\Travelport\\minesweeper-vite\\src\\components\\ResetButton.jsx","statementMap":{"0":{"start":{"line":34,"column":0},"end":{"line":34,"column":15}},"1":{"start":{"line":1,"column":18},"end":{"line":1,"column":null}},"2":{"start":{"line":3,"column":22},"end":{"line":3,"column":null}},"3":{"start":{"line":4,"column":20},"end":{"line":4,"column":null}},"4":{"start":{"line":5,"column":24},"end":{"line":5,"column":null}},"5":{"start":{"line":9,"column":38},"end":{"line":9,"column":null}},"6":{"start":{"line":11,"column":4},"end":{"line":24,"column":null}},"7":{"start":{"line":12,"column":8},"end":{"line":23,"column":null}},"8":{"start":{"line":15,"column":16},"end":{"line":15,"column":null}},"9":{"start":{"line":16,"column":16},"end":{"line":16,"column":null}},"10":{"start":{"line":18,"column":16},"end":{"line":18,"column":null}},"11":{"start":{"line":19,"column":16},"end":{"line":19,"column":null}},"12":{"start":{"line":21,"column":16},"end":{"line":21,"column":null}},"13":{"start":{"line":22,"column":16},"end":{"line":22,"column":null}},"14":{"start":{"line":34,"column":15},"end":{"line":34,"column":null}}},"fnMap":{"0":{"name":"ResetButton","decl":{"start":{"line":7,"column":9},"end":{"line":7,"column":21}},"loc":{"start":{"line":7,"column":46},"end":{"line":32,"column":null}}},"1":{"name":"(anonymous_6)","decl":{"start":{"line":11,"column":14},"end":{"line":11,"column":null}},"loc":{"start":{"line":11,"column":14},"end":{"line":24,"column":7}}}},"branchMap":{"0":{"loc":{"start":{"line":12,"column":8},"end":{"line":23,"column":null}},"type":"switch","locations":[{"start":{"line":13,"column":12},"end":{"line":13,"column":null}},{"start":{"line":14,"column":12},"end":{"line":16,"column":null}},{"start":{"line":17,"column":12},"end":{"line":19,"column":null}},{"start":{"line":20,"column":12},"end":{"line":22,"column":null}}]}},"s":{"0":342,"1":1,"2":1,"3":1,"4":1,"5":342,"6":342,"7":133,"8":108,"9":108,"10":13,"11":13,"12":12,"13":12,"14":1},"f":{"0":342,"1":133},"b":{"0":[58,108,13,12]}}
,"C:\\Users\\elnab\\DAWe\\Travelport\\minesweeper-vite\\src\\components\\Score.jsx": {"path":"C:\\Users\\elnab\\DAWe\\Travelport\\minesweeper-vite\\src\\components\\Score.jsx","statementMap":{"0":{"start":{"line":82,"column":0},"end":{"line":82,"column":15}},"1":{"start":{"line":1,"column":18},"end":{"line":1,"column":null}},"2":{"start":{"line":2,"column":7},"end":{"line":2,"column":null}},"3":{"start":{"line":4,"column":24},"end":{"line":4,"column":null}},"4":{"start":{"line":5,"column":18},"end":{"line":5,"column":null}},"5":{"start":{"line":6,"column":17},"end":{"line":6,"column":null}},"6":{"start":{"line":10,"column":31},"end":{"line":20,"column":null}},"7":{"start":{"line":11,"column":8},"end":{"line":19,"column":null}},"8":{"start":{"line":12,"column":12},"end":{"line":12,"column":null}},"9":{"start":{"line":13,"column":12},"end":{"line":13,"column":null}},"10":{"start":{"line":14,"column":12},"end":{"line":14,"column":null}},"11":{"start":{"line":15,"column":15},"end":{"line":19,"column":null}},"12":{"start":{"line":16,"column":12},"end":{"line":16,"column":null}},"13":{"start":{"line":17,"column":12},"end":{"line":17,"column":null}},"14":{"start":{"line":18,"column":12},"end":{"line":18,"column":null}},"15":{"start":{"line":22,"column":23},"end":{"line":28,"column":null}},"16":{"start":{"line":23,"column":8},"end":{"line":23,"column":null}},"17":{"start":{"line":24,"column":27},"end":{"line":26,"column":null}},"18":{"start":{"line":25,"column":12},"end":{"line":25,"column":null}},"19":{"start":{"line":25,"column":28},"end":{"line":25,"column":null}},"20":{"start":{"line":27,"column":8},"end":{"line":27,"column":null}},"21":{"start":{"line":30,"column":23},"end":{"line":33,"column":null}},"22":{"start":{"line":31,"column":8},"end":{"line":31,"column":null}},"23":{"start":{"line":32,"column":8},"end":{"line":32,"column":null}},"24":{"start":{"line":35,"column":23},"end":{"line":38,"column":null}},"25":{"start":{"line":36,"column":8},"end":{"line":36,"column":null}},"26":{"start":{"line":37,"column":8},"end":{"line":37,"column":null}},"27":{"start":{"line":40,"column":30},"end":{"line":40,"column":null}},"28":{"start":{"line":41,"column":34},"end":{"line":41,"column":null}},"29":{"start":{"line":42,"column":42},"end":{"line":42,"column":null}},"30":{"start":{"line":44,"column":4},"end":{"line":57,"column":null}},"31":{"start":{"line":45,"column":8},"end":{"line":56,"column":null}},"32":{"start":{"line":47,"column":16},"end":{"line":47,"column":null}},"33":{"start":{"line":48,"column":16},"end":{"line":48,"column":null}},"34":{"start":{"line":50,"column":16},"end":{"line":50,"column":null}},"35":{"start":{"line":51,"column":16},"end":{"line":51,"column":null}},"36":{"start":{"line":54,"column":16},"end":{"line":54,"column":null}},"37":{"start":{"line":55,"column":16},"end":{"line":55,"column":null}},"38":{"start":{"line":59,"column":4},"end":{"line":64,"column":null}},"39":{"start":{"line":60,"column":8},"end":{"line":63,"column":null}},"40":{"start":{"line":61,"column":12},"end":{"line":61,"column":null}},"41":{"start":{"line":62,"column":12},"end":{"line":62,"column":null}},"42":{"start":{"line":66,"column":4},"end":{"line":75,"column":null}},"43":{"start":{"line":82,"column":15},"end":{"line":82,"column":null}}},"fnMap":{"0":{"name":"Score","decl":{"start":{"line":8,"column":9},"end":{"line":8,"column":15}},"loc":{"start":{"line":8,"column":81},"end":{"line":80,"column":null}}},"1":{"name":"(anonymous_6)","decl":{"start":{"line":10,"column":31},"end":{"line":10,"column":null}},"loc":{"start":{"line":10,"column":31},"end":{"line":20,"column":null}}},"2":{"name":"(anonymous_7)","decl":{"start":{"line":22,"column":23},"end":{"line":22,"column":null}},"loc":{"start":{"line":22,"column":23},"end":{"line":28,"column":null}}},"3":{"name":"(anonymous_8)","decl":{"start":{"line":24,"column":39},"end":{"line":24,"column":null}},"loc":{"start":{"line":24,"column":39},"end":{"line":26,"column":11}}},"4":{"name":"(anonymous_9)","decl":{"start":{"line":25,"column":21},"end":{"line":25,"column":22}},"loc":{"start":{"line":25,"column":28},"end":{"line":25,"column":null}}},"5":{"name":"(anonymous_10)","decl":{"start":{"line":30,"column":23},"end":{"line":30,"column":null}},"loc":{"start":{"line":30,"column":23},"end":{"line":33,"column":null}}},"6":{"name":"(anonymous_11)","decl":{"start":{"line":35,"column":23},"end":{"line":35,"column":null}},"loc":{"start":{"line":35,"column":23},"end":{"line":38,"column":null}}},"7":{"name":"(anonymous_12)","decl":{"start":{"line":44,"column":14},"end":{"line":44,"column":null}},"loc":{"start":{"line":44,"column":14},"end":{"line":57,"column":7}}},"8":{"name":"(anonymous_13)","decl":{"start":{"line":59,"column":14},"end":{"line":59,"column":null}},"loc":{"start":{"line":59,"column":14},"end":{"line":64,"column":7}}}},"branchMap":{"0":{"loc":{"start":{"line":11,"column":8},"end":{"line":19,"column":null}},"type":"if","locations":[{"start":{"line":11,"column":8},"end":{"line":19,"column":null}},{"start":{"line":15,"column":15},"end":{"line":19,"column":null}}]},"1":{"loc":{"start":{"line":15,"column":15},"end":{"line":19,"column":null}},"type":"if","locations":[{"start":{"line":15,"column":15},"end":{"line":19,"column":null}}]},"2":{"loc":{"start":{"line":45,"column":8},"end":{"line":56,"column":null}},"type":"switch","locations":[{"start":{"line":46,"column":12},"end":{"line":48,"column":null}},{"start":{"line":49,"column":12},"end":{"line":51,"column":null}},{"start":{"line":52,"column":12},"end":{"line":52,"column":null}},{"start":{"line":53,"column":12},"end":{"line":55,"column":null}}]},"3":{"loc":{"start":{"line":60,"column":8},"end":{"line":63,"column":null}},"type":"if","locations":[{"start":{"line":60,"column":8},"end":{"line":63,"column":null}}]},"4":{"loc":{"start":{"line":75,"column":76},"end":{"line":75,"column":null}},"type":"cond-expr","locations":[{"start":{"line":75,"column":110},"end":{"line":75,"column":118}},{"start":{"line":75,"column":118},"end":{"line":75,"column":null}}]}},"s":{"0":280,"1":1,"2":1,"3":1,"4":1,"5":1,"6":342,"7":0,"8":0,"9":0,"10":0,"11":0,"12":0,"13":0,"14":0,"15":342,"16":50,"17":50,"18":229,"19":28,"20":50,"21":342,"22":25,"23":25,"24":342,"25":58,"26":58,"27":342,"28":342,"29":342,"30":342,"31":133,"32":58,"33":58,"34":50,"35":50,"36":25,"37":25,"38":342,"39":58,"40":0,"41":0,"42":342,"43":1},"f":{"0":342,"1":0,"2":50,"3":229,"4":28,"5":25,"6":58,"7":133,"8":58},"b":{"0":[0,0],"1":[0],"2":[58,50,13,25],"3":[0],"4":[170,172]}}
,"C:\\Users\\elnab\\DAWe\\Travelport\\minesweeper-vite\\src\\logic\\boardLogic.js": {"path":"C:\\Users\\elnab\\DAWe\\Travelport\\minesweeper-vite\\src\\logic\\boardLogic.js","statementMap":{"0":{"start":{"line":18,"column":13},"end":{"line":18,"column":37}},"1":{"start":{"line":43,"column":13},"end":{"line":43,"column":26}},"2":{"start":{"line":68,"column":13},"end":{"line":68,"column":23}},"3":{"start":{"line":72,"column":13},"end":{"line":72,"column":28}},"4":{"start":{"line":82,"column":13},"end":{"line":82,"column":36}},"5":{"start":{"line":93,"column":13},"end":{"line":93,"column":27}},"6":{"start":{"line":1,"column":26},"end":{"line":16,"column":null}},"7":{"start":{"line":2,"column":25},"end":{"line":2,"column":null}},"8":{"start":{"line":3,"column":17},"end":{"line":3,"column":null}},"9":{"start":{"line":4,"column":17},"end":{"line":4,"column":null}},"10":{"start":{"line":5,"column":18},"end":{"line":5,"column":null}},"11":{"start":{"line":6,"column":18},"end":{"line":6,"column":null}},"12":{"start":{"line":8,"column":4},"end":{"line":14,"column":null}},"13":{"start":{"line":8,"column":24},"end":{"line":8,"column":32}},"14":{"start":{"line":9,"column":8},"end":{"line":13,"column":null}},"15":{"start":{"line":9,"column":31},"end":{"line":9,"column":39}},"16":{"start":{"line":10,"column":12},"end":{"line":12,"column":null}},"17":{"start":{"line":11,"column":16},"end":{"line":11,"column":null}},"18":{"start":{"line":15,"column":4},"end":{"line":15,"column":null}},"19":{"start":{"line":18,"column":40},"end":{"line":27,"column":null}},"20":{"start":{"line":19,"column":4},"end":{"line":26,"column":null}},"21":{"start":{"line":19,"column":24},"end":{"line":19,"column":27}},"22":{"start":{"line":20,"column":8},"end":{"line":25,"column":null}},"23":{"start":{"line":20,"column":31},"end":{"line":20,"column":34}},"24":{"start":{"line":21,"column":12},"end":{"line":24,"column":null}},"25":{"start":{"line":22,"column":37},"end":{"line":22,"column":null}},"26":{"start":{"line":23,"column":16},"end":{"line":23,"column":null}},"27":{"start":{"line":29,"column":22},"end":{"line":41,"column":null}},"28":{"start":{"line":30,"column":18},"end":{"line":30,"column":20}},"29":{"start":{"line":32,"column":4},"end":{"line":39,"column":null}},"30":{"start":{"line":33,"column":26},"end":{"line":33,"column":null}},"31":{"start":{"line":34,"column":26},"end":{"line":34,"column":null}},"32":{"start":{"line":35,"column":32},"end":{"line":35,"column":null}},"33":{"start":{"line":36,"column":8},"end":{"line":38,"column":null}},"34":{"start":{"line":37,"column":12},"end":{"line":37,"column":null}},"35":{"start":{"line":40,"column":4},"end":{"line":40,"column":null}},"36":{"start":{"line":43,"column":29},"end":{"line":66,"column":null}},"37":{"start":{"line":44,"column":19},"end":{"line":44,"column":21}},"38":{"start":{"line":45,"column":18},"end":{"line":45,"column":null}},"39":{"start":{"line":46,"column":4},"end":{"line":63,"column":null}},"40":{"start":{"line":46,"column":24},"end":{"line":46,"column":27}},"41":{"start":{"line":47,"column":20},"end":{"line":47,"column":22}},"42":{"start":{"line":48,"column":8},"end":{"line":61,"column":null}},"43":{"start":{"line":48,"column":31},"end":{"line":48,"column":34}},"44":{"start":{"line":49,"column":27},"end":{"line":49,"column":null}},"45":{"start":{"line":50,"column":28},"end":{"line":55,"column":null}},"46":{"start":{"line":56,"column":12},"end":{"line":59,"column":null}},"47":{"start":{"line":57,"column":16},"end":{"line":57,"column":null}},"48":{"start":{"line":58,"column":16},"end":{"line":58,"column":null}},"49":{"start":{"line":60,"column":12},"end":{"line":60,"column":null}},"50":{"start":{"line":62,"column":8},"end":{"line":62,"column":null}},"51":{"start":{"line":64,"column":4},"end":{"line":64,"column":null}},"52":{"start":{"line":65,"column":4},"end":{"line":65,"column":null}},"53":{"start":{"line":68,"column":26},"end":{"line":70,"column":null}},"54":{"start":{"line":69,"column":4},"end":{"line":69,"column":null}},"55":{"start":{"line":72,"column":31},"end":{"line":80,"column":null}},"56":{"start":{"line":73,"column":4},"end":{"line":79,"column":null}},"57":{"start":{"line":73,"column":24},"end":{"line":73,"column":27}},"58":{"start":{"line":74,"column":8},"end":{"line":78,"column":null}},"59":{"start":{"line":74,"column":31},"end":{"line":74,"column":34}},"60":{"start":{"line":75,"column":12},"end":{"line":77,"column":null}},"61":{"start":{"line":76,"column":16},"end":{"line":76,"column":null}},"62":{"start":{"line":82,"column":39},"end":{"line":91,"column":null}},"63":{"start":{"line":83,"column":4},"end":{"line":90,"column":null}},"64":{"start":{"line":83,"column":24},"end":{"line":83,"column":27}},"65":{"start":{"line":84,"column":8},"end":{"line":89,"column":null}},"66":{"start":{"line":84,"column":31},"end":{"line":84,"column":34}},"67":{"start":{"line":85,"column":12},"end":{"line":88,"column":null}},"68":{"start":{"line":87,"column":16},"end":{"line":87,"column":null}},"69":{"start":{"line":93,"column":30},"end":{"line":114,"column":null}},"70":{"start":{"line":94,"column":28},"end":{"line":94,"column":null}},"71":{"start":{"line":95,"column":17},"end":{"line":95,"column":null}},"72":{"start":{"line":96,"column":17},"end":{"line":96,"column":null}},"73":{"start":{"line":97,"column":18},"end":{"line":97,"column":null}},"74":{"start":{"line":98,"column":18},"end":{"line":98,"column":null}},"75":{"start":{"line":100,"column":4},"end":{"line":112,"column":null}},"76":{"start":{"line":100,"column":24},"end":{"line":100,"column":32}},"77":{"start":{"line":101,"column":8},"end":{"line":111,"column":null}},"78":{"start":{"line":101,"column":31},"end":{"line":101,"column":39}},"79":{"start":{"line":102,"column":12},"end":{"line":110,"column":null}},"80":{"start":{"line":103,"column":16},"end":{"line":109,"column":null}},"81":{"start":{"line":104,"column":20},"end":{"line":104,"column":null}},"82":{"start":{"line":105,"column":20},"end":{"line":105,"column":null}},"83":{"start":{"line":106,"column":20},"end":{"line":108,"column":null}},"84":{"start":{"line":107,"column":24},"end":{"line":107,"column":null}},"85":{"start":{"line":113,"column":4},"end":{"line":113,"column":null}}},"fnMap":{"0":{"name":"(anonymous_7)","decl":{"start":{"line":1,"column":26},"end":{"line":1,"column":27}},"loc":{"start":{"line":1,"column":50},"end":{"line":16,"column":null}}},"1":{"name":"(anonymous_8)","decl":{"start":{"line":18,"column":40},"end":{"line":18,"column":41}},"loc":{"start":{"line":18,"column":55},"end":{"line":27,"column":null}}},"2":{"name":"(anonymous_9)","decl":{"start":{"line":29,"column":22},"end":{"line":29,"column":23}},"loc":{"start":{"line":29,"column":38},"end":{"line":41,"column":null}}},"3":{"name":"(anonymous_10)","decl":{"start":{"line":43,"column":29},"end":{"line":43,"column":30}},"loc":{"start":{"line":43,"column":45},"end":{"line":66,"column":null}}},"4":{"name":"(anonymous_11)","decl":{"start":{"line":68,"column":26},"end":{"line":68,"column":27}},"loc":{"start":{"line":68,"column":27},"end":{"line":70,"column":null}}},"5":{"name":"(anonymous_12)","decl":{"start":{"line":72,"column":31},"end":{"line":72,"column":32}},"loc":{"start":{"line":72,"column":32},"end":{"line":80,"column":null}}},"6":{"name":"(anonymous_13)","decl":{"start":{"line":82,"column":39},"end":{"line":82,"column":40}},"loc":{"start":{"line":82,"column":40},"end":{"line":91,"column":null}}},"7":{"name":"(anonymous_14)","decl":{"start":{"line":93,"column":30},"end":{"line":93,"column":31}},"loc":{"start":{"line":93,"column":44},"end":{"line":114,"column":null}}}},"branchMap":{"0":{"loc":{"start":{"line":10,"column":12},"end":{"line":12,"column":null}},"type":"if","locations":[{"start":{"line":10,"column":12},"end":{"line":12,"column":null}}]},"1":{"loc":{"start":{"line":21,"column":12},"end":{"line":24,"column":null}},"type":"if","locations":[{"start":{"line":21,"column":12},"end":{"line":24,"column":null}}]},"2":{"loc":{"start":{"line":36,"column":8},"end":{"line":38,"column":null}},"type":"if","locations":[{"start":{"line":36,"column":8},"end":{"line":38,"column":null}}]},"3":{"loc":{"start":{"line":56,"column":12},"end":{"line":59,"column":null}},"type":"if","locations":[{"start":{"line":56,"column":12},"end":{"line":59,"column":null}}]},"4":{"loc":{"start":{"line":75,"column":12},"end":{"line":77,"column":null}},"type":"if","locations":[{"start":{"line":75,"column":12},"end":{"line":77,"column":null}}]},"5":{"loc":{"start":{"line":75,"column":16},"end":{"line":75,"column":113}},"type":"binary-expr","locations":[{"start":{"line":75,"column":16},"end":{"line":75,"column":54}},{"start":{"line":75,"column":58},"end":{"line":75,"column":113}}]},"6":{"loc":{"start":{"line":85,"column":12},"end":{"line":88,"column":null}},"type":"if","locations":[{"start":{"line":85,"column":12},"end":{"line":88,"column":null}}]},"7":{"loc":{"start":{"line":85,"column":16},"end":{"line":86,"column":71}},"type":"binary-expr","locations":[{"start":{"line":85,"column":16},"end":{"line":85,"column":null}},{"start":{"line":86,"column":17},"end":{"line":86,"column":71}}]},"8":{"loc":{"start":{"line":102,"column":12},"end":{"line":110,"column":null}},"type":"if","locations":[{"start":{"line":102,"column":12},"end":{"line":110,"column":null}}]},"9":{"loc":{"start":{"line":102,"column":18},"end":{"line":102,"column":56}},"type":"binary-expr","locations":[{"start":{"line":102,"column":18},"end":{"line":102,"column":36}},{"start":{"line":102,"column":36},"end":{"line":102,"column":56}}]},"10":{"loc":{"start":{"line":103,"column":16},"end":{"line":109,"column":null}},"type":"if","locations":[{"start":{"line":103,"column":16},"end":{"line":109,"column":null}}]},"11":{"loc":{"start":{"line":103,"column":20},"end":{"line":103,"column":128}},"type":"binary-expr","locations":[{"start":{"line":103,"column":20},"end":{"line":103,"column":74}},{"start":{"line":103,"column":74},"end":{"line":103,"column":128}}]},"12":{"loc":{"start":{"line":106,"column":20},"end":{"line":108,"column":null}},"type":"if","locations":[{"start":{"line":106,"column":20},"end":{"line":108,"column":null}}]}},"s":{"0":56,"1":116,"2":95,"3":12,"4":12,"5":4,"6":1,"7":6467,"8":6467,"9":6467,"10":6467,"11":6467,"12":6467,"13":6467,"14":17683,"15":17683,"16":48434,"17":6833,"18":6467,"19":1,"20":172,"21":172,"22":1055,"23":1055,"24":7787,"25":6467,"26":6467,"27":1,"28":116,"29":116,"30":1265,"31":1265,"32":1265,"33":1265,"34":1160,"35":116,"36":1,"37":116,"38":116,"39":116,"40":116,"41":928,"42":928,"43":928,"44":7424,"45":7424,"46":7424,"47":1160,"48":1160,"49":7424,"50":928,"51":116,"52":116,"53":1,"54":95,"55":1,"56":12,"57":12,"58":21,"59":21,"60":46,"61":20,"62":1,"63":12,"64":12,"65":21,"66":21,"67":46,"68":1,"69":1,"70":17,"71":17,"72":17,"73":17,"74":17,"75":17,"76":17,"77":40,"78":40,"79":86,"80":69,"81":28,"82":28,"83":28,"84":13,"85":17},"f":{"0":6467,"1":172,"2":116,"3":116,"4":95,"5":12,"6":12,"7":17},"b":{"0":[6833],"1":[6467],"2":[1160],"3":[1160],"4":[20],"5":[46,23],"6":[1],"7":[46,23],"8":[69],"9":[86,37],"10":[28],"11":[69,32],"12":[13]}}
,"C:\\Users\\elnab\\DAWe\\Travelport\\minesweeper-vite\\src\\logic\\testsUtils\\mockData.js": {"path":"C:\\Users\\elnab\\DAWe\\Travelport\\minesweeper-vite\\src\\logic\\testsUtils\\mockData.js","statementMap":{"0":{"start":{"line":4,"column":13},"end":{"line":4,"column":38}},"1":{"start":{"line":41,"column":13},"end":{"line":41,"column":23}},"2":{"start":{"line":1,"column":56},"end":{"line":1,"column":null}},"3":{"start":{"line":4,"column":41},"end":{"line":39,"column":null}},"4":{"start":{"line":5,"column":27},"end":{"line":5,"column":null}},"5":{"start":{"line":6,"column":4},"end":{"line":18,"column":null}},"6":{"start":{"line":7,"column":8},"end":{"line":7,"column":null}},"7":{"start":{"line":8,"column":8},"end":{"line":12,"column":null}},"8":{"start":{"line":9,"column":12},"end":{"line":11,"column":null}},"9":{"start":{"line":9,"column":53},"end":{"line":9,"column":62}},"10":{"start":{"line":10,"column":16},"end":{"line":10,"column":null}},"11":{"start":{"line":14,"column":8},"end":{"line":14,"column":null}},"12":{"start":{"line":15,"column":8},"end":{"line":17,"column":null}},"13":{"start":{"line":16,"column":12},"end":{"line":16,"column":null}},"14":{"start":{"line":20,"column":18},"end":{"line":34,"column":null}},"15":{"start":{"line":21,"column":8},"end":{"line":33,"column":null}},"16":{"start":{"line":22,"column":28},"end":{"line":27,"column":null}},"17":{"start":{"line":28,"column":12},"end":{"line":31,"column":null}},"18":{"start":{"line":29,"column":16},"end":{"line":29,"column":null}},"19":{"start":{"line":30,"column":16},"end":{"line":30,"column":null}},"20":{"start":{"line":32,"column":12},"end":{"line":32,"column":null}},"21":{"start":{"line":36,"column":4},"end":{"line":36,"column":null}},"22":{"start":{"line":38,"column":4},"end":{"line":38,"column":null}},"23":{"start":{"line":41,"column":26},"end":{"line":51,"column":null}},"24":{"start":{"line":42,"column":22},"end":{"line":42,"column":null}},"25":{"start":{"line":43,"column":4},"end":{"line":49,"column":null}},"26":{"start":{"line":43,"column":24},"end":{"line":43,"column":27}},"27":{"start":{"line":44,"column":8},"end":{"line":48,"column":null}},"28":{"start":{"line":44,"column":31},"end":{"line":44,"column":34}},"29":{"start":{"line":45,"column":12},"end":{"line":47,"column":null}},"30":{"start":{"line":46,"column":16},"end":{"line":46,"column":null}},"31":{"start":{"line":50,"column":4},"end":{"line":50,"column":null}}},"fnMap":{"0":{"name":"(anonymous_3)","decl":{"start":{"line":4,"column":41},"end":{"line":4,"column":42}},"loc":{"start":{"line":4,"column":42},"end":{"line":39,"column":null}}},"1":{"name":"(anonymous_4)","decl":{"start":{"line":8,"column":48},"end":{"line":8,"column":49}},"loc":{"start":{"line":8,"column":49},"end":{"line":12,"column":null}}},"2":{"name":"(anonymous_5)","decl":{"start":{"line":9,"column":42},"end":{"line":9,"column":53}},"loc":{"start":{"line":9,"column":53},"end":{"line":9,"column":62}}},"3":{"name":"(anonymous_6)","decl":{"start":{"line":9,"column":66},"end":{"line":9,"column":67}},"loc":{"start":{"line":9,"column":67},"end":{"line":11,"column":null}}},"4":{"name":"(anonymous_7)","decl":{"start":{"line":15,"column":48},"end":{"line":15,"column":49}},"loc":{"start":{"line":15,"column":49},"end":{"line":17,"column":null}}},"5":{"name":"(anonymous_8)","decl":{"start":{"line":20,"column":39},"end":{"line":20,"column":40}},"loc":{"start":{"line":20,"column":40},"end":{"line":34,"column":null}}},"6":{"name":"(anonymous_9)","decl":{"start":{"line":21,"column":24},"end":{"line":21,"column":25}},"loc":{"start":{"line":21,"column":25},"end":{"line":33,"column":null}}},"7":{"name":"(anonymous_10)","decl":{"start":{"line":41,"column":26},"end":{"line":41,"column":27}},"loc":{"start":{"line":41,"column":27},"end":{"line":51,"column":null}}}},"branchMap":{"0":{"loc":{"start":{"line":6,"column":4},"end":{"line":18,"column":null}},"type":"if","locations":[{"start":{"line":6,"column":4},"end":{"line":18,"column":null}},{"start":{"line":13,"column":11},"end":{"line":18,"column":null}}]},"1":{"loc":{"start":{"line":28,"column":12},"end":{"line":31,"column":null}},"type":"if","locations":[{"start":{"line":28,"column":12},"end":{"line":31,"column":null}}]},"2":{"loc":{"start":{"line":45,"column":12},"end":{"line":47,"column":null}},"type":"if","locations":[{"start":{"line":45,"column":12},"end":{"line":47,"column":null}}]}},"s":{"0":56,"1":56,"2":1,"3":1,"4":56,"5":56,"6":36,"7":36,"8":67,"9":317,"10":183,"11":20,"12":20,"13":60,"14":56,"15":127,"16":363,"17":363,"18":160,"19":160,"20":363,"21":56,"22":56,"23":1,"24":56,"25":56,"26":56,"27":127,"28":127,"29":363,"30":160,"31":56},"f":{"0":56,"1":67,"2":317,"3":183,"4":60,"5":127,"6":363,"7":56},"b":{"0":[36,20],"1":[160],"2":[160]}}
}
