{"C:\\Users\\elnab\\DAWe\\Travelport\\minesweeper-vite\\src\\components\\Board.jsx": {"path":"C:\\Users\\elnab\\DAWe\\Travelport\\minesweeper-vite\\src\\components\\Board.jsx","statementMap":{"0":{"start":{"line":37,"column":0},"end":{"line":37,"column":15}},"1":{"start":{"line":1,"column":18},"end":{"line":1,"column":null}},"2":{"start":{"line":2,"column":7},"end":{"line":2,"column":null}},"3":{"start":{"line":3,"column":17},"end":{"line":3,"column":null}},"4":{"start":{"line":7,"column":4},"end":{"line":31,"column":null}},"5":{"start":{"line":11,"column":20},"end":{"line":28,"column":null}},"6":{"start":{"line":37,"column":15},"end":{"line":37,"column":null}}},"fnMap":{"0":{"name":"Board","decl":{"start":{"line":5,"column":9},"end":{"line":5,"column":15}},"loc":{"start":{"line":5,"column":73},"end":{"line":35,"column":null}}},"1":{"name":"(anonymous_3)","decl":{"start":{"line":10,"column":26},"end":{"line":10,"column":27}},"loc":{"start":{"line":10,"column":32},"end":{"line":31,"column":null}}},"2":{"name":"(anonymous_4)","decl":{"start":{"line":13,"column":37},"end":{"line":13,"column":38}},"loc":{"start":{"line":13,"column":44},"end":{"line":28,"column":null}}}},"branchMap":{"0":{"loc":{"start":{"line":8,"column":26},"end":{"line":8,"column":null}},"type":"cond-expr","locations":[{"start":{"line":8,"column":88},"end":{"line":8,"column":98}},{"start":{"line":8,"column":98},"end":{"line":8,"column":null}}]},"1":{"loc":{"start":{"line":8,"column":26},"end":{"line":8,"column":88}},"type":"binary-expr","locations":[{"start":{"line":8,"column":26},"end":{"line":8,"column":55}},{"start":{"line":8,"column":55},"end":{"line":8,"column":88}}]}},"s":{"0":2,"1":1,"2":1,"3":1,"4":2,"5":16,"6":1},"f":{"0":2,"1":16,"2":128},"b":{"0":[2,0],"1":[2,2]}}
,"C:\\Users\\elnab\\DAWe\\Travelport\\minesweeper-vite\\src\\components\\Cell.jsx": {"path":"C:\\Users\\elnab\\DAWe\\Travelport\\minesweeper-vite\\src\\components\\Cell.jsx","statementMap":{"0":{"start":{"line":79,"column":0},"end":{"line":79,"column":15}},"1":{"start":{"line":1,"column":18},"end":{"line":1,"column":null}},"2":{"start":{"line":3,"column":7},"end":{"line":3,"column":null}},"3":{"start":{"line":8,"column":37},"end":{"line":25,"column":null}},"4":{"start":{"line":9,"column":8},"end":{"line":24,"column":null}},"5":{"start":{"line":10,"column":12},"end":{"line":15,"column":null}},"6":{"start":{"line":11,"column":16},"end":{"line":11,"column":null}},"7":{"start":{"line":12,"column":16},"end":{"line":12,"column":null}},"8":{"start":{"line":14,"column":16},"end":{"line":14,"column":null}},"9":{"start":{"line":17,"column":12},"end":{"line":23,"column":null}},"10":{"start":{"line":18,"column":16},"end":{"line":18,"column":null}},"11":{"start":{"line":19,"column":19},"end":{"line":23,"column":null}},"12":{"start":{"line":20,"column":16},"end":{"line":20,"column":null}},"13":{"start":{"line":22,"column":16},"end":{"line":22,"column":null}},"14":{"start":{"line":27,"column":34},"end":{"line":38,"column":null}},"15":{"start":{"line":28,"column":8},"end":{"line":33,"column":null}},"16":{"start":{"line":29,"column":12},"end":{"line":29,"column":null}},"17":{"start":{"line":30,"column":12},"end":{"line":32,"column":null}},"18":{"start":{"line":31,"column":16},"end":{"line":31,"column":null}},"19":{"start":{"line":34,"column":8},"end":{"line":37,"column":null}},"20":{"start":{"line":35,"column":12},"end":{"line":35,"column":null}},"21":{"start":{"line":36,"column":12},"end":{"line":36,"column":null}},"22":{"start":{"line":40,"column":33},"end":{"line":44,"column":null}},"23":{"start":{"line":41,"column":8},"end":{"line":43,"column":null}},"24":{"start":{"line":42,"column":12},"end":{"line":42,"column":null}},"25":{"start":{"line":46,"column":34},"end":{"line":46,"column":null}},"26":{"start":{"line":47,"column":48},"end":{"line":47,"column":null}},"27":{"start":{"line":49,"column":4},"end":{"line":65,"column":null}},"28":{"start":{"line":50,"column":8},"end":{"line":64,"column":null}},"29":{"start":{"line":52,"column":16},"end":{"line":52,"column":null}},"30":{"start":{"line":53,"column":16},"end":{"line":53,"column":null}},"31":{"start":{"line":54,"column":16},"end":{"line":54,"column":null}},"32":{"start":{"line":56,"column":16},"end":{"line":56,"column":null}},"33":{"start":{"line":57,"column":16},"end":{"line":57,"column":null}},"34":{"start":{"line":59,"column":16},"end":{"line":59,"column":null}},"35":{"start":{"line":60,"column":16},"end":{"line":60,"column":null}},"36":{"start":{"line":62,"column":16},"end":{"line":62,"column":null}},"37":{"start":{"line":63,"column":16},"end":{"line":63,"column":null}},"38":{"start":{"line":67,"column":4},"end":{"line":74,"column":null}},"39":{"start":{"line":71,"column":29},"end":{"line":71,"column":68}},"40":{"start":{"line":72,"column":40},"end":{"line":72,"column":87}},"41":{"start":{"line":79,"column":15},"end":{"line":79,"column":null}}},"fnMap":{"0":{"name":"Cell","decl":{"start":{"line":6,"column":9},"end":{"line":6,"column":14}},"loc":{"start":{"line":6,"column":130},"end":{"line":77,"column":null}}},"1":{"name":"(anonymous_5)","decl":{"start":{"line":8,"column":37},"end":{"line":8,"column":null}},"loc":{"start":{"line":8,"column":37},"end":{"line":25,"column":null}}},"2":{"name":"(anonymous_6)","decl":{"start":{"line":27,"column":34},"end":{"line":27,"column":null}},"loc":{"start":{"line":27,"column":34},"end":{"line":38,"column":null}}},"3":{"name":"(anonymous_7)","decl":{"start":{"line":40,"column":33},"end":{"line":40,"column":null}},"loc":{"start":{"line":40,"column":33},"end":{"line":44,"column":null}}},"4":{"name":"(anonymous_8)","decl":{"start":{"line":49,"column":14},"end":{"line":49,"column":null}},"loc":{"start":{"line":49,"column":14},"end":{"line":65,"column":7}}},"5":{"name":"(anonymous_9)","decl":{"start":{"line":71,"column":21},"end":{"line":71,"column":29}},"loc":{"start":{"line":71,"column":21},"end":{"line":71,"column":null}}},"6":{"name":"(anonymous_10)","decl":{"start":{"line":72,"column":27},"end":{"line":72,"column":28}},"loc":{"start":{"line":72,"column":28},"end":{"line":72,"column":null}}}},"branchMap":{"0":{"loc":{"start":{"line":9,"column":8},"end":{"line":24,"column":null}},"type":"if","locations":[{"start":{"line":9,"column":8},"end":{"line":24,"column":null}},{"start":{"line":16,"column":15},"end":{"line":24,"column":null}}]},"1":{"loc":{"start":{"line":10,"column":12},"end":{"line":15,"column":null}},"type":"if","locations":[{"start":{"line":10,"column":12},"end":{"line":15,"column":null}},{"start":{"line":13,"column":19},"end":{"line":15,"column":null}}]},"2":{"loc":{"start":{"line":17,"column":12},"end":{"line":23,"column":null}},"type":"if","locations":[{"start":{"line":17,"column":12},"end":{"line":23,"column":null}},{"start":{"line":19,"column":19},"end":{"line":23,"column":null}}]},"3":{"loc":{"start":{"line":19,"column":19},"end":{"line":23,"column":null}},"type":"if","locations":[{"start":{"line":19,"column":19},"end":{"line":23,"column":null}},{"start":{"line":21,"column":19},"end":{"line":23,"column":null}}]},"4":{"loc":{"start":{"line":28,"column":8},"end":{"line":33,"column":null}},"type":"if","locations":[{"start":{"line":28,"column":8},"end":{"line":33,"column":null}}]},"5":{"loc":{"start":{"line":28,"column":12},"end":{"line":28,"column":44}},"type":"binary-expr","locations":[{"start":{"line":28,"column":12},"end":{"line":28,"column":22}},{"start":{"line":28,"column":22},"end":{"line":28,"column":44}}]},"6":{"loc":{"start":{"line":30,"column":12},"end":{"line":32,"column":null}},"type":"if","locations":[{"start":{"line":30,"column":12},"end":{"line":32,"column":null}}]},"7":{"loc":{"start":{"line":34,"column":8},"end":{"line":37,"column":null}},"type":"if","locations":[{"start":{"line":34,"column":8},"end":{"line":37,"column":null}}]},"8":{"loc":{"start":{"line":34,"column":12},"end":{"line":34,"column":45}},"type":"binary-expr","locations":[{"start":{"line":34,"column":12},"end":{"line":34,"column":23}},{"start":{"line":34,"column":23},"end":{"line":34,"column":45}}]},"9":{"loc":{"start":{"line":41,"column":8},"end":{"line":43,"column":null}},"type":"if","locations":[{"start":{"line":41,"column":8},"end":{"line":43,"column":null}}]},"10":{"loc":{"start":{"line":50,"column":8},"end":{"line":64,"column":null}},"type":"switch","locations":[{"start":{"line":51,"column":12},"end":{"line":54,"column":null}},{"start":{"line":55,"column":12},"end":{"line":57,"column":null}},{"start":{"line":58,"column":12},"end":{"line":60,"column":null}},{"start":{"line":61,"column":12},"end":{"line":63,"column":null}}]},"11":{"loc":{"start":{"line":69,"column":23},"end":{"line":69,"column":null}},"type":"cond-expr","locations":[{"start":{"line":69,"column":37},"end":{"line":69,"column":54}},{"start":{"line":69,"column":54},"end":{"line":69,"column":null}}]}},"s":{"0":128,"1":1,"2":1,"3":128,"4":0,"5":0,"6":0,"7":0,"8":0,"9":0,"10":0,"11":0,"12":0,"13":0,"14":128,"15":0,"16":0,"17":0,"18":0,"19":0,"20":0,"21":0,"22":128,"23":0,"24":0,"25":128,"26":128,"27":128,"28":64,"29":64,"30":64,"31":64,"32":0,"33":0,"34":0,"35":0,"36":0,"37":0,"38":128,"39":0,"40":0,"41":1},"f":{"0":128,"1":0,"2":0,"3":0,"4":64,"5":0,"6":0},"b":{"0":[0,0],"1":[0,0],"2":[0,0],"3":[0,0],"4":[0],"5":[0,0],"6":[0],"7":[0],"8":[0,0],"9":[0],"10":[64,0,0,0],"11":[128,0]}}
,"C:\\Users\\elnab\\DAWe\\Travelport\\minesweeper-vite\\src\\components\\Game.jsx": {"path":"C:\\Users\\elnab\\DAWe\\Travelport\\minesweeper-vite\\src\\components\\Game.jsx","statementMap":{"0":{"start":{"line":117,"column":0},"end":{"line":117,"column":15}},"1":{"start":{"line":1,"column":18},"end":{"line":1,"column":null}},"2":{"start":{"line":2,"column":7},"end":{"line":2,"column":null}},"3":{"start":{"line":4,"column":18},"end":{"line":4,"column":null}},"4":{"start":{"line":5,"column":18},"end":{"line":5,"column":null}},"5":{"start":{"line":6,"column":23},"end":{"line":6,"column":null}},"6":{"start":{"line":7,"column":21},"end":{"line":7,"column":null}},"7":{"start":{"line":8,"column":100},"end":{"line":8,"column":null}},"8":{"start":{"line":9,"column":54},"end":{"line":9,"column":null}},"9":{"start":{"line":13,"column":33},"end":{"line":27,"column":null}},"10":{"start":{"line":14,"column":8},"end":{"line":14,"column":null}},"11":{"start":{"line":15,"column":25},"end":{"line":15,"column":null}},"12":{"start":{"line":16,"column":35},"end":{"line":16,"column":null}},"13":{"start":{"line":17,"column":26},"end":{"line":17,"column":41}},"14":{"start":{"line":18,"column":29},"end":{"line":18,"column":47}},"15":{"start":{"line":19,"column":8},"end":{"line":26,"column":null}},"16":{"start":{"line":20,"column":12},"end":{"line":20,"column":null}},"17":{"start":{"line":21,"column":12},"end":{"line":21,"column":null}},"18":{"start":{"line":22,"column":12},"end":{"line":22,"column":null}},"19":{"start":{"line":23,"column":12},"end":{"line":23,"column":null}},"20":{"start":{"line":29,"column":29},"end":{"line":52,"column":null}},"21":{"start":{"line":30,"column":8},"end":{"line":32,"column":null}},"22":{"start":{"line":31,"column":12},"end":{"line":31,"column":null}},"23":{"start":{"line":33,"column":25},"end":{"line":33,"column":null}},"24":{"start":{"line":34,"column":8},"end":{"line":34,"column":null}},"25":{"start":{"line":35,"column":8},"end":{"line":50,"column":null}},"26":{"start":{"line":36,"column":12},"end":{"line":36,"column":null}},"27":{"start":{"line":37,"column":12},"end":{"line":37,"column":null}},"28":{"start":{"line":38,"column":12},"end":{"line":38,"column":null}},"29":{"start":{"line":39,"column":12},"end":{"line":39,"column":null}},"30":{"start":{"line":41,"column":41},"end":{"line":41,"column":null}},"31":{"start":{"line":42,"column":12},"end":{"line":44,"column":null}},"32":{"start":{"line":43,"column":16},"end":{"line":43,"column":null}},"33":{"start":{"line":45,"column":12},"end":{"line":48,"column":null}},"34":{"start":{"line":46,"column":16},"end":{"line":46,"column":null}},"35":{"start":{"line":49,"column":12},"end":{"line":49,"column":null}},"36":{"start":{"line":51,"column":8},"end":{"line":51,"column":null}},"37":{"start":{"line":54,"column":30},"end":{"line":70,"column":null}},"38":{"start":{"line":55,"column":8},"end":{"line":55,"column":null}},"39":{"start":{"line":56,"column":8},"end":{"line":58,"column":null}},"40":{"start":{"line":57,"column":12},"end":{"line":57,"column":null}},"41":{"start":{"line":59,"column":25},"end":{"line":59,"column":null}},"42":{"start":{"line":60,"column":8},"end":{"line":68,"column":null}},"43":{"start":{"line":61,"column":12},"end":{"line":61,"column":null}},"44":{"start":{"line":62,"column":12},"end":{"line":62,"column":null}},"45":{"start":{"line":63,"column":15},"end":{"line":68,"column":null}},"46":{"start":{"line":64,"column":12},"end":{"line":64,"column":null}},"47":{"start":{"line":65,"column":12},"end":{"line":65,"column":null}},"48":{"start":{"line":67,"column":12},"end":{"line":67,"column":null}},"49":{"start":{"line":69,"column":8},"end":{"line":69,"column":null}},"50":{"start":{"line":72,"column":22},"end":{"line":77,"column":null}},"51":{"start":{"line":73,"column":8},"end":{"line":73,"column":null}},"52":{"start":{"line":74,"column":8},"end":{"line":74,"column":null}},"53":{"start":{"line":75,"column":8},"end":{"line":75,"column":null}},"54":{"start":{"line":76,"column":8},"end":{"line":76,"column":null}},"55":{"start":{"line":79,"column":22},"end":{"line":81,"column":null}},"56":{"start":{"line":80,"column":8},"end":{"line":80,"column":null}},"57":{"start":{"line":83,"column":25},"end":{"line":85,"column":null}},"58":{"start":{"line":84,"column":8},"end":{"line":84,"column":null}},"59":{"start":{"line":87,"column":30},"end":{"line":89,"column":null}},"60":{"start":{"line":88,"column":8},"end":{"line":88,"column":null}},"61":{"start":{"line":90,"column":48},"end":{"line":90,"column":null}},"62":{"start":{"line":91,"column":40},"end":{"line":91,"column":null}},"63":{"start":{"line":92,"column":58},"end":{"line":92,"column":null}},"64":{"start":{"line":94,"column":4},"end":{"line":99,"column":null}},"65":{"start":{"line":95,"column":8},"end":{"line":98,"column":null}},"66":{"start":{"line":96,"column":12},"end":{"line":96,"column":null}},"67":{"start":{"line":97,"column":12},"end":{"line":97,"column":null}},"68":{"start":{"line":101,"column":4},"end":{"line":103,"column":null}},"69":{"start":{"line":102,"column":8},"end":{"line":102,"column":null}},"70":{"start":{"line":117,"column":15},"end":{"line":117,"column":null}}},"fnMap":{"0":{"name":"Game","decl":{"start":{"line":11,"column":9},"end":{"line":11,"column":14}},"loc":{"start":{"line":11,"column":50},"end":{"line":115,"column":null}}},"1":{"name":"(anonymous_6)","decl":{"start":{"line":13,"column":33},"end":{"line":13,"column":34}},"loc":{"start":{"line":13,"column":34},"end":{"line":27,"column":null}}},"2":{"name":"(anonymous_7)","decl":{"start":{"line":29,"column":29},"end":{"line":29,"column":30}},"loc":{"start":{"line":29,"column":41},"end":{"line":52,"column":null}}},"3":{"name":"(anonymous_8)","decl":{"start":{"line":54,"column":30},"end":{"line":54,"column":31}},"loc":{"start":{"line":54,"column":49},"end":{"line":70,"column":null}}},"4":{"name":"(anonymous_9)","decl":{"start":{"line":72,"column":22},"end":{"line":72,"column":null}},"loc":{"start":{"line":72,"column":22},"end":{"line":77,"column":null}}},"5":{"name":"(anonymous_10)","decl":{"start":{"line":79,"column":22},"end":{"line":79,"column":null}},"loc":{"start":{"line":79,"column":22},"end":{"line":81,"column":null}}},"6":{"name":"(anonymous_11)","decl":{"start":{"line":83,"column":25},"end":{"line":83,"column":null}},"loc":{"start":{"line":83,"column":25},"end":{"line":85,"column":null}}},"7":{"name":"(anonymous_12)","decl":{"start":{"line":87,"column":39},"end":{"line":87,"column":null}},"loc":{"start":{"line":87,"column":39},"end":{"line":89,"column":null}}},"8":{"name":"(anonymous_13)","decl":{"start":{"line":94,"column":14},"end":{"line":94,"column":null}},"loc":{"start":{"line":94,"column":14},"end":{"line":99,"column":7}}},"9":{"name":"(anonymous_14)","decl":{"start":{"line":101,"column":14},"end":{"line":101,"column":null}},"loc":{"start":{"line":101,"column":14},"end":{"line":103,"column":7}}}},"branchMap":{"0":{"loc":{"start":{"line":19,"column":8},"end":{"line":26,"column":null}},"type":"if","locations":[{"start":{"line":19,"column":8},"end":{"line":26,"column":null}},{"start":{"line":24,"column":15},"end":{"line":26,"column":null}}]},"1":{"loc":{"start":{"line":30,"column":8},"end":{"line":32,"column":null}},"type":"if","locations":[{"start":{"line":30,"column":8},"end":{"line":32,"column":null}}]},"2":{"loc":{"start":{"line":35,"column":8},"end":{"line":50,"column":null}},"type":"if","locations":[{"start":{"line":35,"column":8},"end":{"line":50,"column":null}},{"start":{"line":40,"column":15},"end":{"line":50,"column":null}}]},"3":{"loc":{"start":{"line":42,"column":12},"end":{"line":44,"column":null}},"type":"if","locations":[{"start":{"line":42,"column":12},"end":{"line":44,"column":null}}]},"4":{"loc":{"start":{"line":45,"column":12},"end":{"line":48,"column":null}},"type":"if","locations":[{"start":{"line":45,"column":12},"end":{"line":48,"column":null}}]},"5":{"loc":{"start":{"line":56,"column":8},"end":{"line":58,"column":null}},"type":"if","locations":[{"start":{"line":56,"column":8},"end":{"line":58,"column":null}}]},"6":{"loc":{"start":{"line":60,"column":8},"end":{"line":68,"column":null}},"type":"if","locations":[{"start":{"line":60,"column":8},"end":{"line":68,"column":null}},{"start":{"line":63,"column":15},"end":{"line":68,"column":null}}]},"7":{"loc":{"start":{"line":63,"column":15},"end":{"line":68,"column":null}},"type":"if","locations":[{"start":{"line":63,"column":15},"end":{"line":68,"column":null}},{"start":{"line":66,"column":15},"end":{"line":68,"column":null}}]},"8":{"loc":{"start":{"line":95,"column":8},"end":{"line":98,"column":null}},"type":"if","locations":[{"start":{"line":95,"column":8},"end":{"line":98,"column":null}}]},"9":{"loc":{"start":{"line":107,"column":13},"end":{"line":108,"column":13}},"type":"binary-expr","locations":[{"start":{"line":107,"column":13},"end":{"line":107,"column":21}},{"start":{"line":107,"column":21},"end":{"line":108,"column":13}}]},"10":{"loc":{"start":{"line":110,"column":17},"end":{"line":110,"column":null}},"type":"binary-expr","locations":[{"start":{"line":110,"column":17},"end":{"line":110,"column":45}},{"start":{"line":110,"column":45},"end":{"line":110,"column":null}}]}},"s":{"0":1,"1":1,"2":1,"3":1,"4":1,"5":1,"6":1,"7":1,"8":1,"9":2,"10":0,"11":0,"12":0,"13":0,"14":0,"15":0,"16":0,"17":0,"18":0,"19":0,"20":2,"21":0,"22":0,"23":0,"24":0,"25":0,"26":0,"27":0,"28":0,"29":0,"30":0,"31":0,"32":0,"33":0,"34":0,"35":0,"36":0,"37":2,"38":0,"39":0,"40":0,"41":0,"42":0,"43":0,"44":0,"45":0,"46":0,"47":0,"48":0,"49":0,"50":2,"51":1,"52":1,"53":1,"54":1,"55":2,"56":0,"57":2,"58":0,"59":2,"60":1,"61":2,"62":2,"63":2,"64":2,"65":1,"66":0,"67":0,"68":2,"69":1,"70":1},"f":{"0":2,"1":0,"2":0,"3":0,"4":1,"5":0,"6":0,"7":1,"8":1,"9":1},"b":{"0":[0,0],"1":[0],"2":[0,0],"3":[0],"4":[0],"5":[0],"6":[0,0],"7":[0,0],"8":[0],"9":[2,2],"10":[2,0]}}
,"C:\\Users\\elnab\\DAWe\\Travelport\\minesweeper-vite\\src\\components\\MockData.jsx": {"path":"C:\\Users\\elnab\\DAWe\\Travelport\\minesweeper-vite\\src\\components\\MockData.jsx","statementMap":{"0":{"start":{"line":23,"column":0},"end":{"line":23,"column":15}},"1":{"start":{"line":1,"column":32},"end":{"line":1,"column":null}},"2":{"start":{"line":4,"column":38},"end":{"line":4,"column":null}},"3":{"start":{"line":6,"column":25},"end":{"line":8,"column":null}},"4":{"start":{"line":7,"column":6},"end":{"line":7,"column":null}},"5":{"start":{"line":10,"column":24},"end":{"line":12,"column":null}},"6":{"start":{"line":11,"column":6},"end":{"line":11,"column":null}},"7":{"start":{"line":15,"column":4},"end":{"line":18,"column":null}},"8":{"start":{"line":23,"column":15},"end":{"line":23,"column":null}}},"fnMap":{"0":{"name":"MockData","decl":{"start":{"line":3,"column":9},"end":{"line":3,"column":18}},"loc":{"start":{"line":3,"column":33},"end":{"line":21,"column":null}}},"1":{"name":"(anonymous_5)","decl":{"start":{"line":6,"column":25},"end":{"line":6,"column":26}},"loc":{"start":{"line":6,"column":26},"end":{"line":8,"column":null}}},"2":{"name":"(anonymous_6)","decl":{"start":{"line":10,"column":24},"end":{"line":10,"column":null}},"loc":{"start":{"line":10,"column":24},"end":{"line":12,"column":null}}}},"branchMap":{},"s":{"0":2,"1":1,"2":2,"3":2,"4":0,"5":2,"6":0,"7":2,"8":1},"f":{"0":2,"1":0,"2":0},"b":{}}
,"C:\\Users\\elnab\\DAWe\\Travelport\\minesweeper-vite\\src\\components\\PauseModal.jsx": {"path":"C:\\Users\\elnab\\DAWe\\Travelport\\minesweeper-vite\\src\\components\\PauseModal.jsx","statementMap":{"0":{"start":{"line":14,"column":0},"end":{"line":14,"column":15}},"1":{"start":{"line":1,"column":18},"end":{"line":1,"column":null}},"2":{"start":{"line":2,"column":7},"end":{"line":2,"column":null}},"3":{"start":{"line":5,"column":4},"end":{"line":8,"column":null}},"4":{"start":{"line":14,"column":15},"end":{"line":14,"column":null}}},"fnMap":{"0":{"name":"PauseModal","decl":{"start":{"line":4,"column":9},"end":{"line":4,"column":20}},"loc":{"start":{"line":4,"column":23},"end":{"line":12,"column":null}}}},"branchMap":{},"s":{"0":0,"1":1,"2":1,"3":0,"4":1},"f":{"0":0},"b":{}}
,"C:\\Users\\elnab\\DAWe\\Travelport\\minesweeper-vite\\src\\components\\ResetButton.jsx": {"path":"C:\\Users\\elnab\\DAWe\\Travelport\\minesweeper-vite\\src\\components\\ResetButton.jsx","statementMap":{"0":{"start":{"line":34,"column":0},"end":{"line":34,"column":15}},"1":{"start":{"line":1,"column":18},"end":{"line":1,"column":null}},"2":{"start":{"line":3,"column":22},"end":{"line":3,"column":null}},"3":{"start":{"line":4,"column":20},"end":{"line":4,"column":null}},"4":{"start":{"line":5,"column":24},"end":{"line":5,"column":null}},"5":{"start":{"line":9,"column":38},"end":{"line":9,"column":null}},"6":{"start":{"line":11,"column":4},"end":{"line":24,"column":null}},"7":{"start":{"line":12,"column":8},"end":{"line":23,"column":null}},"8":{"start":{"line":15,"column":16},"end":{"line":15,"column":null}},"9":{"start":{"line":16,"column":16},"end":{"line":16,"column":null}},"10":{"start":{"line":18,"column":16},"end":{"line":18,"column":null}},"11":{"start":{"line":19,"column":16},"end":{"line":19,"column":null}},"12":{"start":{"line":21,"column":16},"end":{"line":21,"column":null}},"13":{"start":{"line":22,"column":16},"end":{"line":22,"column":null}},"14":{"start":{"line":34,"column":15},"end":{"line":34,"column":null}}},"fnMap":{"0":{"name":"ResetButton","decl":{"start":{"line":7,"column":9},"end":{"line":7,"column":21}},"loc":{"start":{"line":7,"column":46},"end":{"line":32,"column":null}}},"1":{"name":"(anonymous_6)","decl":{"start":{"line":11,"column":14},"end":{"line":11,"column":null}},"loc":{"start":{"line":11,"column":14},"end":{"line":24,"column":7}}}},"branchMap":{"0":{"loc":{"start":{"line":12,"column":8},"end":{"line":23,"column":null}},"type":"switch","locations":[{"start":{"line":13,"column":12},"end":{"line":13,"column":null}},{"start":{"line":14,"column":12},"end":{"line":16,"column":null}},{"start":{"line":17,"column":12},"end":{"line":19,"column":null}},{"start":{"line":20,"column":12},"end":{"line":22,"column":null}}]}},"s":{"0":2,"1":1,"2":1,"3":1,"4":1,"5":2,"6":2,"7":1,"8":1,"9":1,"10":0,"11":0,"12":0,"13":0,"14":1},"f":{"0":2,"1":1},"b":{"0":[1,1,0,0]}}
,"C:\\Users\\elnab\\DAWe\\Travelport\\minesweeper-vite\\src\\components\\Score.jsx": {"path":"C:\\Users\\elnab\\DAWe\\Travelport\\minesweeper-vite\\src\\components\\Score.jsx","statementMap":{"0":{"start":{"line":82,"column":0},"end":{"line":82,"column":15}},"1":{"start":{"line":1,"column":18},"end":{"line":1,"column":null}},"2":{"start":{"line":2,"column":7},"end":{"line":2,"column":null}},"3":{"start":{"line":4,"column":24},"end":{"line":4,"column":null}},"4":{"start":{"line":5,"column":18},"end":{"line":5,"column":null}},"5":{"start":{"line":6,"column":17},"end":{"line":6,"column":null}},"6":{"start":{"line":10,"column":31},"end":{"line":20,"column":null}},"7":{"start":{"line":11,"column":8},"end":{"line":19,"column":null}},"8":{"start":{"line":12,"column":12},"end":{"line":12,"column":null}},"9":{"start":{"line":13,"column":12},"end":{"line":13,"column":null}},"10":{"start":{"line":14,"column":12},"end":{"line":14,"column":null}},"11":{"start":{"line":15,"column":15},"end":{"line":19,"column":null}},"12":{"start":{"line":16,"column":12},"end":{"line":16,"column":null}},"13":{"start":{"line":17,"column":12},"end":{"line":17,"column":null}},"14":{"start":{"line":18,"column":12},"end":{"line":18,"column":null}},"15":{"start":{"line":22,"column":23},"end":{"line":28,"column":null}},"16":{"start":{"line":23,"column":8},"end":{"line":23,"column":null}},"17":{"start":{"line":24,"column":27},"end":{"line":26,"column":null}},"18":{"start":{"line":25,"column":12},"end":{"line":25,"column":null}},"19":{"start":{"line":25,"column":28},"end":{"line":25,"column":null}},"20":{"start":{"line":27,"column":8},"end":{"line":27,"column":null}},"21":{"start":{"line":30,"column":23},"end":{"line":33,"column":null}},"22":{"start":{"line":31,"column":8},"end":{"line":31,"column":null}},"23":{"start":{"line":32,"column":8},"end":{"line":32,"column":null}},"24":{"start":{"line":35,"column":23},"end":{"line":38,"column":null}},"25":{"start":{"line":36,"column":8},"end":{"line":36,"column":null}},"26":{"start":{"line":37,"column":8},"end":{"line":37,"column":null}},"27":{"start":{"line":40,"column":30},"end":{"line":40,"column":null}},"28":{"start":{"line":41,"column":34},"end":{"line":41,"column":null}},"29":{"start":{"line":42,"column":42},"end":{"line":42,"column":null}},"30":{"start":{"line":44,"column":4},"end":{"line":57,"column":null}},"31":{"start":{"line":45,"column":8},"end":{"line":56,"column":null}},"32":{"start":{"line":47,"column":16},"end":{"line":47,"column":null}},"33":{"start":{"line":48,"column":16},"end":{"line":48,"column":null}},"34":{"start":{"line":50,"column":16},"end":{"line":50,"column":null}},"35":{"start":{"line":51,"column":16},"end":{"line":51,"column":null}},"36":{"start":{"line":54,"column":16},"end":{"line":54,"column":null}},"37":{"start":{"line":55,"column":16},"end":{"line":55,"column":null}},"38":{"start":{"line":59,"column":4},"end":{"line":64,"column":null}},"39":{"start":{"line":60,"column":8},"end":{"line":63,"column":null}},"40":{"start":{"line":61,"column":12},"end":{"line":61,"column":null}},"41":{"start":{"line":62,"column":12},"end":{"line":62,"column":null}},"42":{"start":{"line":66,"column":4},"end":{"line":75,"column":null}},"43":{"start":{"line":82,"column":15},"end":{"line":82,"column":null}}},"fnMap":{"0":{"name":"Score","decl":{"start":{"line":8,"column":9},"end":{"line":8,"column":15}},"loc":{"start":{"line":8,"column":81},"end":{"line":80,"column":null}}},"1":{"name":"(anonymous_6)","decl":{"start":{"line":10,"column":31},"end":{"line":10,"column":null}},"loc":{"start":{"line":10,"column":31},"end":{"line":20,"column":null}}},"2":{"name":"(anonymous_7)","decl":{"start":{"line":22,"column":23},"end":{"line":22,"column":null}},"loc":{"start":{"line":22,"column":23},"end":{"line":28,"column":null}}},"3":{"name":"(anonymous_8)","decl":{"start":{"line":24,"column":39},"end":{"line":24,"column":null}},"loc":{"start":{"line":24,"column":39},"end":{"line":26,"column":11}}},"4":{"name":"(anonymous_9)","decl":{"start":{"line":25,"column":21},"end":{"line":25,"column":22}},"loc":{"start":{"line":25,"column":28},"end":{"line":25,"column":null}}},"5":{"name":"(anonymous_10)","decl":{"start":{"line":30,"column":23},"end":{"line":30,"column":null}},"loc":{"start":{"line":30,"column":23},"end":{"line":33,"column":null}}},"6":{"name":"(anonymous_11)","decl":{"start":{"line":35,"column":23},"end":{"line":35,"column":null}},"loc":{"start":{"line":35,"column":23},"end":{"line":38,"column":null}}},"7":{"name":"(anonymous_12)","decl":{"start":{"line":44,"column":14},"end":{"line":44,"column":null}},"loc":{"start":{"line":44,"column":14},"end":{"line":57,"column":7}}},"8":{"name":"(anonymous_13)","decl":{"start":{"line":59,"column":14},"end":{"line":59,"column":null}},"loc":{"start":{"line":59,"column":14},"end":{"line":64,"column":7}}}},"branchMap":{"0":{"loc":{"start":{"line":11,"column":8},"end":{"line":19,"column":null}},"type":"if","locations":[{"start":{"line":11,"column":8},"end":{"line":19,"column":null}},{"start":{"line":15,"column":15},"end":{"line":19,"column":null}}]},"1":{"loc":{"start":{"line":15,"column":15},"end":{"line":19,"column":null}},"type":"if","locations":[{"start":{"line":15,"column":15},"end":{"line":19,"column":null}}]},"2":{"loc":{"start":{"line":45,"column":8},"end":{"line":56,"column":null}},"type":"switch","locations":[{"start":{"line":46,"column":12},"end":{"line":48,"column":null}},{"start":{"line":49,"column":12},"end":{"line":51,"column":null}},{"start":{"line":52,"column":12},"end":{"line":52,"column":null}},{"start":{"line":53,"column":12},"end":{"line":55,"column":null}}]},"3":{"loc":{"start":{"line":60,"column":8},"end":{"line":63,"column":null}},"type":"if","locations":[{"start":{"line":60,"column":8},"end":{"line":63,"column":null}}]},"4":{"loc":{"start":{"line":75,"column":49},"end":{"line":75,"column":null}},"type":"cond-expr","locations":[{"start":{"line":75,"column":83},"end":{"line":75,"column":91}},{"start":{"line":75,"column":91},"end":{"line":75,"column":null}}]}},"s":{"0":2,"1":1,"2":1,"3":1,"4":1,"5":1,"6":2,"7":0,"8":0,"9":0,"10":0,"11":0,"12":0,"13":0,"14":0,"15":2,"16":0,"17":0,"18":0,"19":0,"20":0,"21":2,"22":0,"23":0,"24":2,"25":1,"26":1,"27":2,"28":2,"29":2,"30":2,"31":1,"32":1,"33":1,"34":0,"35":0,"36":0,"37":0,"38":2,"39":1,"40":0,"41":0,"42":2,"43":1},"f":{"0":2,"1":0,"2":0,"3":0,"4":0,"5":0,"6":1,"7":1,"8":1},"b":{"0":[0,0],"1":[0],"2":[1,0,0,0],"3":[0],"4":[0,2]}}
,"C:\\Users\\elnab\\DAWe\\Travelport\\minesweeper-vite\\src\\logic\\boardLogic.js": {"path":"C:\\Users\\elnab\\DAWe\\Travelport\\minesweeper-vite\\src\\logic\\boardLogic.js","statementMap":{"0":{"start":{"line":18,"column":13},"end":{"line":18,"column":37}},"1":{"start":{"line":43,"column":13},"end":{"line":43,"column":26}},"2":{"start":{"line":68,"column":13},"end":{"line":68,"column":23}},"3":{"start":{"line":72,"column":13},"end":{"line":72,"column":28}},"4":{"start":{"line":82,"column":13},"end":{"line":82,"column":36}},"5":{"start":{"line":93,"column":13},"end":{"line":93,"column":27}},"6":{"start":{"line":1,"column":26},"end":{"line":16,"column":null}},"7":{"start":{"line":2,"column":25},"end":{"line":2,"column":null}},"8":{"start":{"line":3,"column":17},"end":{"line":3,"column":null}},"9":{"start":{"line":4,"column":17},"end":{"line":4,"column":null}},"10":{"start":{"line":5,"column":18},"end":{"line":5,"column":null}},"11":{"start":{"line":6,"column":18},"end":{"line":6,"column":null}},"12":{"start":{"line":8,"column":4},"end":{"line":14,"column":null}},"13":{"start":{"line":8,"column":24},"end":{"line":8,"column":32}},"14":{"start":{"line":9,"column":8},"end":{"line":13,"column":null}},"15":{"start":{"line":9,"column":31},"end":{"line":9,"column":39}},"16":{"start":{"line":10,"column":12},"end":{"line":12,"column":null}},"17":{"start":{"line":11,"column":16},"end":{"line":11,"column":null}},"18":{"start":{"line":15,"column":4},"end":{"line":15,"column":null}},"19":{"start":{"line":18,"column":40},"end":{"line":27,"column":null}},"20":{"start":{"line":19,"column":4},"end":{"line":26,"column":null}},"21":{"start":{"line":19,"column":24},"end":{"line":19,"column":27}},"22":{"start":{"line":20,"column":8},"end":{"line":25,"column":null}},"23":{"start":{"line":20,"column":31},"end":{"line":20,"column":34}},"24":{"start":{"line":21,"column":12},"end":{"line":24,"column":null}},"25":{"start":{"line":22,"column":37},"end":{"line":22,"column":null}},"26":{"start":{"line":23,"column":16},"end":{"line":23,"column":null}},"27":{"start":{"line":29,"column":22},"end":{"line":41,"column":null}},"28":{"start":{"line":30,"column":18},"end":{"line":30,"column":20}},"29":{"start":{"line":32,"column":4},"end":{"line":39,"column":null}},"30":{"start":{"line":33,"column":26},"end":{"line":33,"column":null}},"31":{"start":{"line":34,"column":26},"end":{"line":34,"column":null}},"32":{"start":{"line":35,"column":32},"end":{"line":35,"column":null}},"33":{"start":{"line":36,"column":8},"end":{"line":38,"column":null}},"34":{"start":{"line":37,"column":12},"end":{"line":37,"column":null}},"35":{"start":{"line":40,"column":4},"end":{"line":40,"column":null}},"36":{"start":{"line":43,"column":29},"end":{"line":66,"column":null}},"37":{"start":{"line":44,"column":19},"end":{"line":44,"column":21}},"38":{"start":{"line":45,"column":18},"end":{"line":45,"column":null}},"39":{"start":{"line":46,"column":4},"end":{"line":63,"column":null}},"40":{"start":{"line":46,"column":24},"end":{"line":46,"column":27}},"41":{"start":{"line":47,"column":20},"end":{"line":47,"column":22}},"42":{"start":{"line":48,"column":8},"end":{"line":61,"column":null}},"43":{"start":{"line":48,"column":31},"end":{"line":48,"column":34}},"44":{"start":{"line":49,"column":27},"end":{"line":49,"column":null}},"45":{"start":{"line":50,"column":28},"end":{"line":55,"column":null}},"46":{"start":{"line":56,"column":12},"end":{"line":59,"column":null}},"47":{"start":{"line":57,"column":16},"end":{"line":57,"column":null}},"48":{"start":{"line":58,"column":16},"end":{"line":58,"column":null}},"49":{"start":{"line":60,"column":12},"end":{"line":60,"column":null}},"50":{"start":{"line":62,"column":8},"end":{"line":62,"column":null}},"51":{"start":{"line":64,"column":4},"end":{"line":64,"column":null}},"52":{"start":{"line":65,"column":4},"end":{"line":65,"column":null}},"53":{"start":{"line":68,"column":26},"end":{"line":70,"column":null}},"54":{"start":{"line":69,"column":4},"end":{"line":69,"column":null}},"55":{"start":{"line":72,"column":31},"end":{"line":80,"column":null}},"56":{"start":{"line":73,"column":4},"end":{"line":79,"column":null}},"57":{"start":{"line":73,"column":24},"end":{"line":73,"column":27}},"58":{"start":{"line":74,"column":8},"end":{"line":78,"column":null}},"59":{"start":{"line":74,"column":31},"end":{"line":74,"column":34}},"60":{"start":{"line":75,"column":12},"end":{"line":77,"column":null}},"61":{"start":{"line":76,"column":16},"end":{"line":76,"column":null}},"62":{"start":{"line":82,"column":39},"end":{"line":91,"column":null}},"63":{"start":{"line":83,"column":4},"end":{"line":90,"column":null}},"64":{"start":{"line":83,"column":24},"end":{"line":83,"column":27}},"65":{"start":{"line":84,"column":8},"end":{"line":89,"column":null}},"66":{"start":{"line":84,"column":31},"end":{"line":84,"column":34}},"67":{"start":{"line":85,"column":12},"end":{"line":88,"column":null}},"68":{"start":{"line":87,"column":16},"end":{"line":87,"column":null}},"69":{"start":{"line":93,"column":30},"end":{"line":114,"column":null}},"70":{"start":{"line":94,"column":28},"end":{"line":94,"column":null}},"71":{"start":{"line":95,"column":17},"end":{"line":95,"column":null}},"72":{"start":{"line":96,"column":17},"end":{"line":96,"column":null}},"73":{"start":{"line":97,"column":18},"end":{"line":97,"column":null}},"74":{"start":{"line":98,"column":18},"end":{"line":98,"column":null}},"75":{"start":{"line":100,"column":4},"end":{"line":112,"column":null}},"76":{"start":{"line":100,"column":24},"end":{"line":100,"column":32}},"77":{"start":{"line":101,"column":8},"end":{"line":111,"column":null}},"78":{"start":{"line":101,"column":31},"end":{"line":101,"column":39}},"79":{"start":{"line":102,"column":12},"end":{"line":110,"column":null}},"80":{"start":{"line":103,"column":16},"end":{"line":109,"column":null}},"81":{"start":{"line":104,"column":20},"end":{"line":104,"column":null}},"82":{"start":{"line":105,"column":20},"end":{"line":105,"column":null}},"83":{"start":{"line":106,"column":20},"end":{"line":108,"column":null}},"84":{"start":{"line":107,"column":24},"end":{"line":107,"column":null}},"85":{"start":{"line":113,"column":4},"end":{"line":113,"column":null}}},"fnMap":{"0":{"name":"(anonymous_7)","decl":{"start":{"line":1,"column":26},"end":{"line":1,"column":27}},"loc":{"start":{"line":1,"column":50},"end":{"line":16,"column":null}}},"1":{"name":"(anonymous_8)","decl":{"start":{"line":18,"column":40},"end":{"line":18,"column":41}},"loc":{"start":{"line":18,"column":55},"end":{"line":27,"column":null}}},"2":{"name":"(anonymous_9)","decl":{"start":{"line":29,"column":22},"end":{"line":29,"column":23}},"loc":{"start":{"line":29,"column":38},"end":{"line":41,"column":null}}},"3":{"name":"(anonymous_10)","decl":{"start":{"line":43,"column":29},"end":{"line":43,"column":30}},"loc":{"start":{"line":43,"column":45},"end":{"line":66,"column":null}}},"4":{"name":"(anonymous_11)","decl":{"start":{"line":68,"column":26},"end":{"line":68,"column":27}},"loc":{"start":{"line":68,"column":27},"end":{"line":70,"column":null}}},"5":{"name":"(anonymous_12)","decl":{"start":{"line":72,"column":31},"end":{"line":72,"column":32}},"loc":{"start":{"line":72,"column":32},"end":{"line":80,"column":null}}},"6":{"name":"(anonymous_13)","decl":{"start":{"line":82,"column":39},"end":{"line":82,"column":40}},"loc":{"start":{"line":82,"column":40},"end":{"line":91,"column":null}}},"7":{"name":"(anonymous_14)","decl":{"start":{"line":93,"column":30},"end":{"line":93,"column":31}},"loc":{"start":{"line":93,"column":44},"end":{"line":114,"column":null}}}},"branchMap":{"0":{"loc":{"start":{"line":10,"column":12},"end":{"line":12,"column":null}},"type":"if","locations":[{"start":{"line":10,"column":12},"end":{"line":12,"column":null}}]},"1":{"loc":{"start":{"line":21,"column":12},"end":{"line":24,"column":null}},"type":"if","locations":[{"start":{"line":21,"column":12},"end":{"line":24,"column":null}}]},"2":{"loc":{"start":{"line":36,"column":8},"end":{"line":38,"column":null}},"type":"if","locations":[{"start":{"line":36,"column":8},"end":{"line":38,"column":null}}]},"3":{"loc":{"start":{"line":56,"column":12},"end":{"line":59,"column":null}},"type":"if","locations":[{"start":{"line":56,"column":12},"end":{"line":59,"column":null}}]},"4":{"loc":{"start":{"line":75,"column":12},"end":{"line":77,"column":null}},"type":"if","locations":[{"start":{"line":75,"column":12},"end":{"line":77,"column":null}}]},"5":{"loc":{"start":{"line":75,"column":16},"end":{"line":75,"column":113}},"type":"binary-expr","locations":[{"start":{"line":75,"column":16},"end":{"line":75,"column":54}},{"start":{"line":75,"column":58},"end":{"line":75,"column":113}}]},"6":{"loc":{"start":{"line":85,"column":12},"end":{"line":88,"column":null}},"type":"if","locations":[{"start":{"line":85,"column":12},"end":{"line":88,"column":null}}]},"7":{"loc":{"start":{"line":85,"column":16},"end":{"line":86,"column":71}},"type":"binary-expr","locations":[{"start":{"line":85,"column":16},"end":{"line":85,"column":null}},{"start":{"line":86,"column":17},"end":{"line":86,"column":71}}]},"8":{"loc":{"start":{"line":102,"column":12},"end":{"line":110,"column":null}},"type":"if","locations":[{"start":{"line":102,"column":12},"end":{"line":110,"column":null}}]},"9":{"loc":{"start":{"line":102,"column":18},"end":{"line":102,"column":56}},"type":"binary-expr","locations":[{"start":{"line":102,"column":18},"end":{"line":102,"column":36}},{"start":{"line":102,"column":36},"end":{"line":102,"column":56}}]},"10":{"loc":{"start":{"line":103,"column":16},"end":{"line":109,"column":null}},"type":"if","locations":[{"start":{"line":103,"column":16},"end":{"line":109,"column":null}}]},"11":{"loc":{"start":{"line":103,"column":20},"end":{"line":103,"column":128}},"type":"binary-expr","locations":[{"start":{"line":103,"column":20},"end":{"line":103,"column":74}},{"start":{"line":103,"column":74},"end":{"line":103,"column":128}}]},"12":{"loc":{"start":{"line":106,"column":20},"end":{"line":108,"column":null}},"type":"if","locations":[{"start":{"line":106,"column":20},"end":{"line":108,"column":null}}]}},"s":{"0":0,"1":2,"2":0,"3":0,"4":0,"5":0,"6":1,"7":108,"8":108,"9":108,"10":108,"11":108,"12":108,"13":108,"14":295,"15":295,"16":814,"17":118,"18":108,"19":1,"20":2,"21":2,"22":16,"23":16,"24":128,"25":108,"26":108,"27":1,"28":2,"29":2,"30":20,"31":20,"32":20,"33":20,"34":20,"35":2,"36":1,"37":2,"38":2,"39":2,"40":2,"41":16,"42":16,"43":16,"44":128,"45":128,"46":128,"47":20,"48":20,"49":128,"50":16,"51":2,"52":2,"53":1,"54":0,"55":1,"56":0,"57":0,"58":0,"59":0,"60":0,"61":0,"62":1,"63":0,"64":0,"65":0,"66":0,"67":0,"68":0,"69":1,"70":0,"71":0,"72":0,"73":0,"74":0,"75":0,"76":0,"77":0,"78":0,"79":0,"80":0,"81":0,"82":0,"83":0,"84":0,"85":0},"f":{"0":108,"1":2,"2":2,"3":2,"4":0,"5":0,"6":0,"7":0},"b":{"0":[118],"1":[108],"2":[20],"3":[20],"4":[0],"5":[0,0],"6":[0],"7":[0,0],"8":[0],"9":[0,0],"10":[0],"11":[0,0],"12":[0]}}
,"C:\\Users\\elnab\\DAWe\\Travelport\\minesweeper-vite\\src\\logic\\testsUtils\\mockData.js": {"path":"C:\\Users\\elnab\\DAWe\\Travelport\\minesweeper-vite\\src\\logic\\testsUtils\\mockData.js","statementMap":{"0":{"start":{"line":4,"column":13},"end":{"line":4,"column":38}},"1":{"start":{"line":34,"column":13},"end":{"line":34,"column":23}},"2":{"start":{"line":1,"column":56},"end":{"line":1,"column":null}},"3":{"start":{"line":4,"column":41},"end":{"line":32,"column":null}},"4":{"start":{"line":5,"column":25},"end":{"line":5,"column":null}},"5":{"start":{"line":6,"column":4},"end":{"line":10,"column":null}},"6":{"start":{"line":7,"column":8},"end":{"line":9,"column":null}},"7":{"start":{"line":7,"column":49},"end":{"line":7,"column":58}},"8":{"start":{"line":8,"column":12},"end":{"line":8,"column":null}},"9":{"start":{"line":11,"column":18},"end":{"line":25,"column":null}},"10":{"start":{"line":12,"column":8},"end":{"line":24,"column":null}},"11":{"start":{"line":13,"column":28},"end":{"line":18,"column":null}},"12":{"start":{"line":19,"column":12},"end":{"line":22,"column":null}},"13":{"start":{"line":20,"column":16},"end":{"line":20,"column":null}},"14":{"start":{"line":21,"column":16},"end":{"line":21,"column":null}},"15":{"start":{"line":23,"column":12},"end":{"line":23,"column":null}},"16":{"start":{"line":27,"column":4},"end":{"line":27,"column":null}},"17":{"start":{"line":29,"column":4},"end":{"line":29,"column":null}},"18":{"start":{"line":31,"column":4},"end":{"line":31,"column":null}},"19":{"start":{"line":34,"column":26},"end":{"line":44,"column":null}},"20":{"start":{"line":35,"column":22},"end":{"line":35,"column":null}},"21":{"start":{"line":36,"column":4},"end":{"line":42,"column":null}},"22":{"start":{"line":36,"column":24},"end":{"line":36,"column":27}},"23":{"start":{"line":37,"column":8},"end":{"line":41,"column":null}},"24":{"start":{"line":37,"column":31},"end":{"line":37,"column":34}},"25":{"start":{"line":38,"column":12},"end":{"line":40,"column":null}},"26":{"start":{"line":39,"column":16},"end":{"line":39,"column":null}},"27":{"start":{"line":43,"column":4},"end":{"line":43,"column":null}}},"fnMap":{"0":{"name":"(anonymous_3)","decl":{"start":{"line":4,"column":41},"end":{"line":4,"column":42}},"loc":{"start":{"line":4,"column":42},"end":{"line":32,"column":null}}},"1":{"name":"(anonymous_4)","decl":{"start":{"line":6,"column":40},"end":{"line":6,"column":41}},"loc":{"start":{"line":6,"column":41},"end":{"line":10,"column":null}}},"2":{"name":"(anonymous_5)","decl":{"start":{"line":7,"column":38},"end":{"line":7,"column":49}},"loc":{"start":{"line":7,"column":49},"end":{"line":7,"column":58}}},"3":{"name":"(anonymous_6)","decl":{"start":{"line":7,"column":62},"end":{"line":7,"column":63}},"loc":{"start":{"line":7,"column":63},"end":{"line":9,"column":null}}},"4":{"name":"(anonymous_7)","decl":{"start":{"line":11,"column":37},"end":{"line":11,"column":38}},"loc":{"start":{"line":11,"column":38},"end":{"line":25,"column":null}}},"5":{"name":"(anonymous_8)","decl":{"start":{"line":12,"column":24},"end":{"line":12,"column":25}},"loc":{"start":{"line":12,"column":25},"end":{"line":24,"column":null}}},"6":{"name":"(anonymous_9)","decl":{"start":{"line":34,"column":26},"end":{"line":34,"column":27}},"loc":{"start":{"line":34,"column":27},"end":{"line":44,"column":null}}}},"branchMap":{"0":{"loc":{"start":{"line":19,"column":12},"end":{"line":22,"column":null}},"type":"if","locations":[{"start":{"line":19,"column":12},"end":{"line":22,"column":null}}]},"1":{"loc":{"start":{"line":38,"column":12},"end":{"line":40,"column":null}},"type":"if","locations":[{"start":{"line":38,"column":12},"end":{"line":40,"column":null}}]}},"s":{"0":0,"1":0,"2":1,"3":1,"4":0,"5":0,"6":0,"7":0,"8":0,"9":0,"10":0,"11":0,"12":0,"13":0,"14":0,"15":0,"16":0,"17":0,"18":0,"19":1,"20":0,"21":0,"22":0,"23":0,"24":0,"25":0,"26":0,"27":0},"f":{"0":0,"1":0,"2":0,"3":0,"4":0,"5":0,"6":0},"b":{"0":[0],"1":[0]}}
}
