TN:
SF:src\components\Board.jsx
FN:5,Board
FN:10,(anonymous_3)
FN:13,(anonymous_4)
FNF:3
FNH:3
FNDA:37,Board
FNDA:296,(anonymous_3)
FNDA:2368,(anonymous_4)
DA:1,1
DA:2,1
DA:3,1
DA:7,37
DA:11,296
DA:37,37
LF:6
LH:6
BRDA:8,0,0,37
BRDA:8,0,1,0
BRDA:8,1,0,37
BRDA:8,1,1,24
BRF:4
BRH:3
end_of_record
TN:
SF:src\components\Cell.jsx
FN:6,Cell
FN:8,(anonymous_5)
FN:27,(anonymous_6)
FN:40,(anonymous_7)
FN:49,(anonymous_8)
FN:71,(anonymous_9)
FN:72,(anonymous_10)
FNF:7
FNH:4
FNDA:2633,Cell
FNDA:517,(anonymous_5)
FNDA:0,(anonymous_6)
FNDA:0,(anonymous_7)
FNDA:1285,(anonymous_8)
FNDA:0,(anonymous_9)
FNDA:13,(anonymous_10)
DA:1,1
DA:3,1
DA:8,2633
DA:9,517
DA:10,0
DA:11,0
DA:12,0
DA:14,0
DA:17,517
DA:18,4
DA:19,513
DA:20,8
DA:22,505
DA:27,2633
DA:28,0
DA:29,0
DA:30,0
DA:31,0
DA:34,0
DA:35,0
DA:36,0
DA:40,2633
DA:41,0
DA:42,0
DA:46,2633
DA:47,2633
DA:49,2633
DA:50,1285
DA:52,768
DA:53,768
DA:54,768
DA:56,517
DA:57,517
DA:59,0
DA:60,0
DA:62,0
DA:63,0
DA:67,2633
DA:71,0
DA:72,13
DA:79,2368
LF:41
LH:23
BRDA:9,0,0,0
BRDA:9,0,1,517
BRDA:10,1,0,0
BRDA:10,1,1,0
BRDA:17,2,0,4
BRDA:17,2,1,513
BRDA:19,3,0,8
BRDA:19,3,1,505
BRDA:28,4,0,0
BRDA:28,5,0,0
BRDA:28,5,1,0
BRDA:30,6,0,0
BRDA:34,7,0,0
BRDA:34,8,0,0
BRDA:34,8,1,0
BRDA:41,9,0,0
BRDA:50,10,0,768
BRDA:50,10,1,517
BRDA:50,10,2,0
BRDA:50,10,3,0
BRDA:69,11,0,2633
BRDA:69,11,1,0
BRF:22
BRH:8
end_of_record
TN:
SF:src\components\Game.jsx
FN:11,Game
FN:13,(anonymous_6)
FN:29,(anonymous_7)
FN:54,(anonymous_8)
FN:72,(anonymous_9)
FN:79,(anonymous_10)
FN:83,(anonymous_11)
FN:87,(anonymous_12)
FN:94,(anonymous_13)
FN:101,(anonymous_14)
FNF:10
FNH:6
FNDA:37,Game
FNDA:0,(anonymous_6)
FNDA:0,(anonymous_7)
FNDA:13,(anonymous_8)
FNDA:12,(anonymous_9)
FNDA:0,(anonymous_10)
FNDA:0,(anonymous_11)
FNDA:12,(anonymous_12)
FNDA:12,(anonymous_13)
FNDA:12,(anonymous_14)
DA:1,1
DA:2,1
DA:4,1
DA:5,1
DA:6,1
DA:7,1
DA:8,1
DA:9,1
DA:13,37
DA:14,0
DA:15,0
DA:16,0
DA:17,0
DA:18,0
DA:19,0
DA:20,0
DA:21,0
DA:22,0
DA:23,0
DA:29,37
DA:30,0
DA:31,0
DA:33,0
DA:34,0
DA:35,0
DA:36,0
DA:37,0
DA:38,0
DA:39,0
DA:41,0
DA:42,0
DA:43,0
DA:45,0
DA:46,0
DA:49,0
DA:51,0
DA:54,37
DA:55,13
DA:56,13
DA:57,8
DA:59,13
DA:60,13
DA:61,8
DA:62,8
DA:63,5
DA:64,4
DA:65,4
DA:67,1
DA:69,13
DA:72,37
DA:73,12
DA:74,12
DA:75,12
DA:76,12
DA:79,37
DA:80,0
DA:83,37
DA:84,0
DA:87,37
DA:88,12
DA:90,37
DA:91,37
DA:92,37
DA:94,37
DA:95,12
DA:96,0
DA:97,0
DA:101,37
DA:102,12
DA:117,12
LF:70
LH:40
BRDA:19,0,0,0
BRDA:19,0,1,0
BRDA:30,1,0,0
BRDA:35,2,0,0
BRDA:35,2,1,0
BRDA:42,3,0,0
BRDA:45,4,0,0
BRDA:56,5,0,8
BRDA:60,6,0,8
BRDA:60,6,1,5
BRDA:63,7,0,4
BRDA:63,7,1,1
BRDA:95,8,0,0
BRDA:107,9,0,37
BRDA:107,9,1,37
BRDA:110,10,0,37
BRDA:110,10,1,0
BRF:17
BRH:8
end_of_record
TN:
SF:src\components\MockData.jsx
FN:3,MockData
FN:6,(anonymous_5)
FN:10,(anonymous_6)
FNF:3
FNH:1
FNDA:37,MockData
FNDA:0,(anonymous_5)
FNDA:0,(anonymous_6)
DA:1,1
DA:4,37
DA:6,37
DA:7,0
DA:10,37
DA:11,0
DA:15,37
DA:23,37
LF:8
LH:6
BRF:0
BRH:0
end_of_record
TN:
SF:src\components\PauseModal.jsx
FN:4,PauseModal
FNF:1
FNH:0
FNDA:0,PauseModal
DA:1,1
DA:2,1
DA:5,0
DA:14,1
LF:4
LH:3
BRF:0
BRH:0
end_of_record
TN:
SF:src\components\ResetButton.jsx
FN:7,ResetButton
FN:11,(anonymous_6)
FNF:2
FNH:2
FNDA:45,ResetButton
FNDA:20,(anonymous_6)
DA:1,1
DA:3,1
DA:4,1
DA:5,1
DA:9,45
DA:11,45
DA:12,20
DA:15,20
DA:16,20
DA:18,0
DA:19,0
DA:21,0
DA:22,0
DA:34,45
LF:14
LH:10
BRDA:12,0,0,12
BRDA:12,0,1,20
BRDA:12,0,2,0
BRDA:12,0,3,0
BRF:4
BRH:2
end_of_record
TN:
SF:src\components\Score.jsx
FN:8,Score
FN:10,(anonymous_6)
FN:22,(anonymous_7)
FN:24,(anonymous_8)
FN:25,(anonymous_9)
FN:30,(anonymous_10)
FN:35,(anonymous_11)
FN:44,(anonymous_12)
FN:59,(anonymous_13)
FNF:9
FNH:5
FNDA:45,Score
FNDA:0,(anonymous_6)
FNDA:8,(anonymous_7)
FNDA:0,(anonymous_8)
FNDA:0,(anonymous_9)
FNDA:0,(anonymous_10)
FNDA:12,(anonymous_11)
FNDA:20,(anonymous_12)
FNDA:12,(anonymous_13)
DA:1,1
DA:2,1
DA:4,1
DA:5,1
DA:6,1
DA:10,45
DA:11,0
DA:12,0
DA:13,0
DA:14,0
DA:15,0
DA:16,0
DA:17,0
DA:18,0
DA:22,45
DA:23,8
DA:24,8
DA:25,0
DA:27,8
DA:30,45
DA:31,0
DA:32,0
DA:35,45
DA:36,12
DA:37,12
DA:40,45
DA:41,45
DA:42,45
DA:44,45
DA:45,20
DA:47,12
DA:48,12
DA:50,8
DA:51,8
DA:54,0
DA:55,0
DA:59,45
DA:60,12
DA:61,0
DA:62,0
DA:66,45
DA:82,37
LF:42
LH:27
BRDA:11,0,0,0
BRDA:11,0,1,0
BRDA:15,1,0,0
BRDA:45,2,0,12
BRDA:45,2,1,8
BRDA:45,2,2,0
BRDA:45,2,3,0
BRDA:60,3,0,0
BRDA:75,4,0,21
BRDA:75,4,1,24
BRF:10
BRH:4
end_of_record
TN:
SF:src\logic\boardLogic.js
FN:1,(anonymous_7)
FN:18,(anonymous_8)
FN:29,(anonymous_9)
FN:43,(anonymous_10)
FN:68,(anonymous_11)
FN:72,(anonymous_12)
FN:82,(anonymous_13)
FN:93,(anonymous_14)
FNF:8
FNH:5
FNDA:1296,(anonymous_7)
FNDA:24,(anonymous_8)
FNDA:24,(anonymous_9)
FNDA:24,(anonymous_10)
FNDA:13,(anonymous_11)
FNDA:0,(anonymous_12)
FNDA:0,(anonymous_13)
FNDA:0,(anonymous_14)
DA:1,1
DA:2,1296
DA:3,1296
DA:4,1296
DA:5,1296
DA:6,1296
DA:8,1296
DA:9,3556
DA:10,9789
DA:11,1367
DA:15,1296
DA:18,1
DA:19,24
DA:20,192
DA:21,1536
DA:22,1296
DA:23,1296
DA:29,1
DA:30,24
DA:32,24
DA:33,262
DA:34,262
DA:35,262
DA:36,262
DA:37,240
DA:40,24
DA:43,24
DA:44,24
DA:45,24
DA:46,24
DA:47,192
DA:48,192
DA:49,1536
DA:50,1536
DA:56,1536
DA:57,240
DA:58,240
DA:60,1536
DA:62,192
DA:64,24
DA:65,24
DA:68,13
DA:69,13
DA:72,1
DA:73,0
DA:74,0
DA:75,0
DA:76,0
DA:82,1
DA:83,0
DA:84,0
DA:85,0
DA:87,0
DA:93,1
DA:94,0
DA:95,0
DA:96,0
DA:97,0
DA:98,0
DA:100,0
DA:101,0
DA:102,0
DA:103,0
DA:104,0
DA:105,0
DA:106,0
DA:107,0
DA:113,0
LF:68
LH:46
BRDA:10,0,0,1367
BRDA:21,1,0,1296
BRDA:36,2,0,240
BRDA:56,3,0,240
BRDA:75,4,0,0
BRDA:75,5,0,0
BRDA:75,5,1,0
BRDA:85,6,0,0
BRDA:85,7,0,0
BRDA:85,7,1,0
BRDA:102,8,0,0
BRDA:102,9,0,0
BRDA:102,9,1,0
BRDA:103,10,0,0
BRDA:103,11,0,0
BRDA:103,11,1,0
BRDA:106,12,0,0
BRF:17
BRH:4
end_of_record
TN:
SF:src\logic\testsUtils\mockData.js
FN:4,(anonymous_3)
FN:6,(anonymous_4)
FN:7,(anonymous_5)
FN:7,(anonymous_6)
FN:11,(anonymous_7)
FN:12,(anonymous_8)
FN:34,(anonymous_9)
FNF:7
FNH:0
FNDA:0,(anonymous_3)
FNDA:0,(anonymous_4)
FNDA:0,(anonymous_5)
FNDA:0,(anonymous_6)
FNDA:0,(anonymous_7)
FNDA:0,(anonymous_8)
FNDA:0,(anonymous_9)
DA:1,1
DA:4,1
DA:5,0
DA:6,0
DA:7,0
DA:8,0
DA:11,0
DA:12,0
DA:13,0
DA:19,0
DA:20,0
DA:21,0
DA:23,0
DA:27,0
DA:29,0
DA:31,0
DA:34,1
DA:35,0
DA:36,0
DA:37,0
DA:38,0
DA:39,0
DA:43,0
LF:23
LH:3
BRDA:19,0,0,0
BRDA:38,1,0,0
BRF:2
BRH:0
end_of_record
