TN:
SF:src\constants.js
FNF:0
FNH:0
DA:1,7513
DA:9,14161
LF:2
LH:2
BRF:0
BRH:0
end_of_record
TN:
SF:src\components\Board.jsx
FN:6,Board
FN:11,(anonymous_3)
FN:14,(anonymous_4)
FNF:3
FNH:3
FNDA:300,Board
FNDA:1418,(anonymous_3)
FNDA:9446,(anonymous_4)
DA:1,1
DA:2,1
DA:3,1
DA:4,1
DA:8,300
DA:12,1418
DA:38,300
LF:7
LH:7
BRDA:9,0,0,273
BRDA:9,0,1,27
BRDA:9,1,0,300
BRDA:9,1,1,216
BRF:4
BRH:4
end_of_record
TN:
SF:src\components\Cell.jsx
FN:6,Cell
FN:8,(anonymous_5)
FN:27,(anonymous_6)
FN:40,(anonymous_7)
FN:49,(anonymous_8)
FN:71,(anonymous_9)
FN:72,(anonymous_10)
FNF:7
FNH:7
FNDA:9679,Cell
FNDA:384,(anonymous_5)
FNDA:48,(anonymous_6)
FNDA:50,(anonymous_7)
FNDA:4578,(anonymous_8)
FNDA:56,(anonymous_9)
FNDA:41,(anonymous_10)
DA:1,1
DA:3,1
DA:4,1
DA:8,9679
DA:9,384
DA:10,71
DA:11,54
DA:12,54
DA:14,17
DA:17,313
DA:18,9
DA:19,304
DA:20,31
DA:22,273
DA:27,9679
DA:28,48
DA:29,23
DA:30,23
DA:31,13
DA:34,48
DA:35,1
DA:36,1
DA:40,9679
DA:41,50
DA:42,32
DA:46,9679
DA:47,9679
DA:49,9679
DA:50,4578
DA:52,4096
DA:53,4096
DA:54,4096
DA:56,384
DA:57,384
DA:59,48
DA:60,48
DA:62,50
DA:63,50
DA:67,9679
DA:71,56
DA:72,41
DA:79,9446
LF:42
LH:42
BRDA:9,0,0,71
BRDA:9,0,1,313
BRDA:10,1,0,54
BRDA:10,1,1,17
BRDA:17,2,0,9
BRDA:17,2,1,304
BRDA:19,3,0,31
BRDA:19,3,1,273
BRDA:28,4,0,23
BRDA:28,5,0,48
BRDA:28,5,1,24
BRDA:30,6,0,13
BRDA:34,7,0,1
BRDA:34,8,0,48
BRDA:34,8,1,24
BRDA:41,9,0,32
BRDA:50,10,0,4096
BRDA:50,10,1,384
BRDA:50,10,2,48
BRDA:50,10,3,50
BRDA:69,11,0,9477
BRDA:69,11,1,202
BRF:22
BRH:22
end_of_record
TN:
SF:src\components\Game.jsx
FN:12,Game
FN:14,(anonymous_6)
FN:27,(anonymous_7)
FN:52,(anonymous_8)
FN:70,(anonymous_9)
FN:77,(anonymous_10)
FN:81,(anonymous_11)
FN:85,(anonymous_12)
FN:92,(anonymous_13)
FN:99,(anonymous_14)
FNF:10
FNH:8
FNDA:300,Game
FNDA:58,(anonymous_6)
FNDA:56,(anonymous_7)
FNDA:41,(anonymous_8)
FNDA:67,(anonymous_9)
FNDA:0,(anonymous_10)
FNDA:0,(anonymous_11)
FNDA:64,(anonymous_12)
FNDA:165,(anonymous_13)
FNDA:64,(anonymous_14)
DA:1,1
DA:2,1
DA:4,1
DA:5,1
DA:6,1
DA:7,1
DA:8,1
DA:9,1
DA:10,1
DA:14,300
DA:15,58
DA:16,58
DA:17,58
DA:18,58
DA:19,58
DA:20,58
DA:21,58
DA:22,58
DA:23,58
DA:27,300
DA:28,56
DA:29,37
DA:31,56
DA:32,56
DA:33,56
DA:34,13
DA:35,13
DA:36,13
DA:37,13
DA:39,43
DA:40,43
DA:41,3
DA:43,43
DA:44,4
DA:47,43
DA:49,56
DA:52,300
DA:53,41
DA:54,41
DA:55,20
DA:57,41
DA:58,41
DA:59,31
DA:60,31
DA:61,10
DA:62,9
DA:63,9
DA:65,1
DA:67,41
DA:70,300
DA:71,67
DA:72,67
DA:73,67
DA:74,67
DA:77,300
DA:78,0
DA:81,300
DA:82,0
DA:85,300
DA:86,64
DA:88,300
DA:89,300
DA:90,300
DA:92,300
DA:93,165
DA:94,14
DA:95,14
DA:99,300
DA:100,64
DA:115,64
LF:70
LH:68
BRDA:19,0,0,58
BRDA:28,1,0,37
BRDA:33,2,0,13
BRDA:33,2,1,43
BRDA:40,3,0,3
BRDA:43,4,0,4
BRDA:54,5,0,20
BRDA:58,6,0,31
BRDA:58,6,1,10
BRDA:61,7,0,9
BRDA:61,7,1,1
BRDA:93,8,0,14
BRDA:105,9,0,300
BRDA:105,9,1,300
BRDA:108,10,0,300
BRDA:108,10,1,0
BRF:16
BRH:15
end_of_record
TN:
SF:src\components\MockData.jsx
FN:4,MockData
FN:7,(anonymous_5)
FN:11,(anonymous_6)
FNF:3
FNH:3
FNDA:1368,MockData
FNDA:1068,(anonymous_5)
FNDA:58,(anonymous_6)
DA:1,1
DA:2,1
DA:5,1368
DA:7,1368
DA:8,1068
DA:11,1368
DA:12,58
DA:16,1368
DA:24,300
LF:9
LH:9
BRF:0
BRH:0
end_of_record
TN:
SF:src\components\PauseModal.jsx
FN:4,PauseModal
FNF:1
FNH:0
FNDA:0,PauseModal
DA:1,1
DA:2,1
DA:6,0
DA:19,1
LF:4
LH:3
BRF:0
BRH:0
end_of_record
TN:
SF:src\components\ResetButton.jsx
FN:8,ResetButton
FN:12,(anonymous_6)
FNF:2
FNH:2
FNDA:363,ResetButton
FNDA:142,(anonymous_6)
DA:1,1
DA:3,1
DA:4,1
DA:5,1
DA:6,1
DA:10,363
DA:12,363
DA:13,142
DA:16,115
DA:17,115
DA:19,14
DA:20,14
DA:22,13
DA:23,13
DA:35,363
LF:15
LH:15
BRDA:13,0,0,64
BRDA:13,0,1,115
BRDA:13,0,2,14
BRDA:13,0,3,13
BRF:4
BRH:4
end_of_record
TN:
SF:src\components\Score.jsx
FN:9,Score
FN:11,(anonymous_6)
FN:23,(anonymous_7)
FN:25,(anonymous_8)
FN:26,(anonymous_9)
FN:31,(anonymous_10)
FN:36,(anonymous_11)
FN:45,(anonymous_12)
FN:60,(anonymous_13)
FNF:9
FNH:8
FNDA:363,Score
FNDA:0,(anonymous_6)
FNDA:51,(anonymous_7)
FNDA:277,(anonymous_8)
FNDA:30,(anonymous_9)
FNDA:27,(anonymous_10)
FNDA:64,(anonymous_11)
FNDA:142,(anonymous_12)
FNDA:64,(anonymous_13)
DA:1,1
DA:3,1
DA:4,1
DA:5,1
DA:6,1
DA:7,1
DA:11,363
DA:12,0
DA:13,0
DA:14,0
DA:15,0
DA:16,0
DA:17,0
DA:18,0
DA:19,0
DA:23,363
DA:24,51
DA:25,51
DA:26,277
DA:28,51
DA:31,363
DA:32,27
DA:33,27
DA:36,363
DA:37,64
DA:38,64
DA:41,363
DA:42,363
DA:43,363
DA:45,363
DA:46,142
DA:48,64
DA:49,64
DA:51,51
DA:52,51
DA:55,27
DA:56,27
DA:60,363
DA:61,64
DA:62,0
DA:63,0
DA:67,363
DA:83,300
LF:43
LH:33
BRDA:12,0,0,0
BRDA:12,0,1,0
BRDA:16,1,0,0
BRDA:46,2,0,64
BRDA:46,2,1,51
BRDA:46,2,2,14
BRDA:46,2,3,27
BRDA:61,3,0,0
BRDA:76,4,0,174
BRDA:76,4,1,189
BRF:10
BRH:6
end_of_record
TN:
SF:src\logic\boardLogic.js
FN:1,(anonymous_7)
FN:18,(anonymous_8)
FN:29,(anonymous_9)
FN:43,(anonymous_10)
FN:68,(anonymous_11)
FN:72,(anonymous_12)
FN:82,(anonymous_13)
FN:93,(anonymous_14)
FNF:8
FNH:8
FNDA:7279,(anonymous_7)
FNDA:189,(anonymous_8)
FNDA:131,(anonymous_9)
FNDA:131,(anonymous_10)
FNDA:97,(anonymous_11)
FNDA:13,(anonymous_12)
FNDA:13,(anonymous_13)
FNDA:17,(anonymous_14)
DA:1,1
DA:2,7279
DA:3,7279
DA:4,7279
DA:5,7279
DA:6,7279
DA:8,7279
DA:9,19917
DA:10,54535
DA:11,7732
DA:15,7279
DA:18,58
DA:19,189
DA:20,1177
DA:21,8751
DA:22,7279
DA:23,7279
DA:29,1
DA:30,131
DA:32,131
DA:33,1405
DA:34,1405
DA:35,1405
DA:36,1405
DA:37,1310
DA:40,131
DA:43,131
DA:44,131
DA:45,131
DA:46,131
DA:47,1048
DA:48,1048
DA:49,8384
DA:50,8384
DA:56,8384
DA:57,1310
DA:58,1310
DA:60,8384
DA:62,1048
DA:64,131
DA:65,131
DA:68,97
DA:69,97
DA:72,13
DA:73,13
DA:74,22
DA:75,48
DA:76,21
DA:82,13
DA:83,13
DA:84,22
DA:85,48
DA:87,1
DA:93,4
DA:94,17
DA:95,17
DA:96,17
DA:97,17
DA:98,17
DA:100,17
DA:101,40
DA:102,86
DA:103,69
DA:104,28
DA:105,28
DA:106,28
DA:107,13
DA:113,17
LF:68
LH:68
BRDA:10,0,0,7732
BRDA:21,1,0,7279
BRDA:36,2,0,1310
BRDA:56,3,0,1310
BRDA:75,4,0,21
BRDA:75,5,0,48
BRDA:75,5,1,24
BRDA:85,6,0,1
BRDA:85,7,0,48
BRDA:85,7,1,24
BRDA:102,8,0,69
BRDA:102,9,0,86
BRDA:102,9,1,37
BRDA:103,10,0,28
BRDA:103,11,0,69
BRDA:103,11,1,32
BRDA:106,12,0,13
BRF:17
BRH:17
end_of_record
TN:
SF:src\logic\testsUtils\mockData.js
FN:3,(anonymous_3)
FN:7,(anonymous_4)
FN:8,(anonymous_5)
FN:8,(anonymous_6)
FN:14,(anonymous_7)
FN:19,(anonymous_8)
FN:20,(anonymous_9)
FN:40,(anonymous_10)
FNF:8
FNH:8
FNDA:58,(anonymous_3)
FNDA:69,(anonymous_4)
FNDA:325,(anonymous_5)
FNDA:187,(anonymous_6)
FNDA:60,(anonymous_7)
FNDA:129,(anonymous_8)
FNDA:367,(anonymous_9)
FNDA:58,(anonymous_10)
DA:1,1
DA:3,58
DA:4,58
DA:5,58
DA:6,38
DA:7,38
DA:8,325
DA:9,187
DA:13,20
DA:14,20
DA:15,60
DA:19,58
DA:20,129
DA:21,367
DA:27,367
DA:28,162
DA:29,162
DA:31,367
DA:35,58
DA:37,58
DA:40,58
DA:41,58
DA:42,58
DA:43,129
DA:44,367
DA:45,162
DA:49,58
LF:27
LH:27
BRDA:5,0,0,38
BRDA:5,0,1,20
BRDA:27,1,0,162
BRDA:44,2,0,162
BRF:4
BRH:4
end_of_record
